127.0.0.1 - - [09/Mar/2015:03:43:49 +0000] "GET /p/users/queryAll HTTP/1.1" 200 66 "-" "Mozilla/5.0 (Windows NT 6.1; WOW64) AppleWebKit/537.36 (KHTML, like Gecko) Chrome/40.0.2214.115 Safari/537.36"
127.0.0.1 - - [09/Mar/2015:03:47:52 +0000] "GET /p/users/queryAll HTTP/1.1" 200 66 "-" "Mozilla/5.0 (Windows NT 6.1; WOW64) AppleWebKit/537.36 (KHTML, like Gecko) Chrome/40.0.2214.115 Safari/537.36"
127.0.0.1 - - [09/Mar/2015:13:30:55 +0000] "GET /p/users/ HTTP/1.1" 304 - "-" "Mozilla/5.0 (Windows NT 6.1; WOW64) AppleWebKit/537.36 (KHTML, like Gecko) Chrome/40.0.2214.115 Safari/537.36"
127.0.0.1 - - [09/Mar/2015:13:31:35 +0000] "POST /p/users/updateUser HTTP/1.1" 200 415 "http://localhost:3000/p/users/" "Mozilla/5.0 (Windows NT 6.1; WOW64) AppleWebKit/537.36 (KHTML, like Gecko) Chrome/40.0.2214.115 Safari/537.36"
127.0.0.1 - - [09/Mar/2015:13:31:44 +0000] "GET /p/users/ HTTP/1.1" 304 - "-" "Mozilla/5.0 (Windows NT 6.1; WOW64) AppleWebKit/537.36 (KHTML, like Gecko) Chrome/40.0.2214.115 Safari/537.36"
::ffff:127.0.0.1 - - [19/Mar/2017:10:21:13 +0000] "GET /queryAll HTTP/1.1" 404 1047 "-" "Mozilla/5.0 (Windows NT 6.1; WOW64) AppleWebKit/537.36 (KHTML, like Gecko) Chrome/57.0.2987.98 Safari/537.36"
::ffff:127.0.0.1 - - [19/Mar/2017:10:21:19 +0000] "GET /queryAll HTTP/1.1" 404 1047 "-" "Mozilla/5.0 (Windows NT 6.1; WOW64) AppleWebKit/537.36 (KHTML, like Gecko) Chrome/57.0.2987.98 Safari/537.36"
::ffff:127.0.0.1 - - [19/Mar/2017:10:21:56 +0000] "GET /users/queryAll HTTP/1.1" 404 1047 "-" "Mozilla/5.0 (Windows NT 6.1; WOW64) AppleWebKit/537.36 (KHTML, like Gecko) Chrome/57.0.2987.98 Safari/537.36"
::ffff:127.0.0.1 - - [19/Mar/2017:10:21:58 +0000] "GET /users/queryAll HTTP/1.1" 404 1047 "-" "Mozilla/5.0 (Windows NT 6.1; WOW64) AppleWebKit/537.36 (KHTML, like Gecko) Chrome/57.0.2987.98 Safari/537.36"
::ffff:127.0.0.1 - - [19/Mar/2017:10:21:59 +0000] "GET /users/queryAll HTTP/1.1" 404 1047 "-" "Mozilla/5.0 (Windows NT 6.1; WOW64) AppleWebKit/537.36 (KHTML, like Gecko) Chrome/57.0.2987.98 Safari/537.36"
::1 - - [19/Mar/2017:10:22:13 +0000] "GET /users/addUser?name=xyz&age=18 HTTP/1.1" 404 1047 "-" "Mozilla/5.0 (Windows NT 6.1; WOW64) AppleWebKit/537.36 (KHTML, like Gecko) Chrome/57.0.2987.98 Safari/537.36"
::1 - - [19/Mar/2017:10:22:13 +0000] "GET /favicon.ico HTTP/1.1" 404 1047 "http://localhost:3000/users/addUser?name=xyz&age=18" "Mozilla/5.0 (Windows NT 6.1; WOW64) AppleWebKit/537.36 (KHTML, like Gecko) Chrome/57.0.2987.98 Safari/537.36"
::1 - - [19/Mar/2017:10:22:48 +0000] "GET / HTTP/1.1" 200 170 "-" "Mozilla/5.0 (Windows NT 6.1; WOW64) AppleWebKit/537.36 (KHTML, like Gecko) Chrome/57.0.2987.98 Safari/537.36"
::1 - - [19/Mar/2017:10:29:40 +0000] "GET /p/users/queryAll HTTP/1.1" 200 2 "-" "Mozilla/5.0 (Windows NT 6.1; WOW64) AppleWebKit/537.36 (KHTML, like Gecko) Chrome/57.0.2987.98 Safari/537.36"
::1 - - [19/Mar/2017:10:29:59 +0000] "GET /p/users/queryAll HTTP/1.1" 200 33 "-" "Mozilla/5.0 (Windows NT 6.1; WOW64) AppleWebKit/537.36 (KHTML, like Gecko) Chrome/57.0.2987.98 Safari/537.36"
::1 - - [19/Mar/2017:10:30:57 +0000] "GET /p/users/queryAll HTTP/1.1" 304 - "-" "Mozilla/5.0 (Windows NT 6.1; WOW64) AppleWebKit/537.36 (KHTML, like Gecko) Chrome/57.0.2987.98 Safari/537.36"
::1 - - [19/Mar/2017:10:33:34 +0000] "GET /p/users/queryAll HTTP/1.1" 200 115 "-" "Mozilla/5.0 (Windows NT 6.1; WOW64) AppleWebKit/537.36 (KHTML, like Gecko) Chrome/57.0.2987.98 Safari/537.36"
::1 - - [19/Mar/2017:10:40:45 +0000] "GET /p/users/deleteUser?id=3 HTTP/1.1" 200 33 "-" "Mozilla/5.0 (Windows NT 6.1; WOW64) AppleWebKit/537.36 (KHTML, like Gecko) Chrome/57.0.2987.98 Safari/537.36"
::1 - - [19/Mar/2017:10:40:55 +0000] "GET /p/users/query?id=1 HTTP/1.1" 200 40 "-" "Mozilla/5.0 (Windows NT 6.1; WOW64) AppleWebKit/537.36 (KHTML, like Gecko) Chrome/57.0.2987.98 Safari/537.36"
::1 - - [19/Mar/2017:10:41:43 +0000] "GET /p/users/queryAll HTTP/1.1" 200 76 "-" "Mozilla/5.0 (Windows NT 6.1; WOW64) AppleWebKit/537.36 (KHTML, like Gecko) Chrome/57.0.2987.98 Safari/537.36"
::1 - - [19/Mar/2017:11:35:01 +0000] "GET /p/users/queryAll HTTP/1.1" 304 - "-" "Mozilla/5.0 (Windows NT 6.1; WOW64) AppleWebKit/537.36 (KHTML, like Gecko) Chrome/57.0.2987.98 Safari/537.36"
::1 - - [19/Mar/2017:12:01:58 +0000] "GET /p/users/queryAll HTTP/1.1" 200 115 "-" "Mozilla/5.0 (Windows NT 6.1; WOW64) AppleWebKit/537.36 (KHTML, like Gecko) Chrome/57.0.2987.98 Safari/537.36"
::1 - - [25/Mar/2017:04:18:14 +0000] "GET /p/users/queryAll HTTP/1.1" 304 - "-" "Mozilla/5.0 (Windows NT 6.1; WOW64) AppleWebKit/537.36 (KHTML, like Gecko) Chrome/57.0.2987.98 Safari/537.36"
::1 - - [25/Mar/2017:04:18:15 +0000] "GET /favicon.ico HTTP/1.1" 404 1047 "http://localhost:3000/p/users/queryAll" "Mozilla/5.0 (Windows NT 6.1; WOW64) AppleWebKit/537.36 (KHTML, like Gecko) Chrome/57.0.2987.98 Safari/537.36"
::1 - - [25/Mar/2017:04:18:18 +0000] "GET /p/users/queryAll2 HTTP/1.1" 404 1047 "-" "Mozilla/5.0 (Windows NT 6.1; WOW64) AppleWebKit/537.36 (KHTML, like Gecko) Chrome/57.0.2987.98 Safari/537.36"
::1 - - [25/Mar/2017:04:18:23 +0000] "GET /p/users/queryAll2 HTTP/1.1" 404 1047 "-" "Mozilla/5.0 (Windows NT 6.1; WOW64) AppleWebKit/537.36 (KHTML, like Gecko) Chrome/57.0.2987.98 Safari/537.36"
::1 - - [25/Mar/2017:04:18:49 +0000] "GET /p/users/queryAll2 HTTP/1.1" 404 1047 "-" "Mozilla/5.0 (Windows NT 6.1; WOW64) AppleWebKit/537.36 (KHTML, like Gecko) Chrome/57.0.2987.98 Safari/537.36"
::1 - - [25/Mar/2017:04:18:50 +0000] "GET /p/users/queryAll2 HTTP/1.1" 404 1047 "-" "Mozilla/5.0 (Windows NT 6.1; WOW64) AppleWebKit/537.36 (KHTML, like Gecko) Chrome/57.0.2987.98 Safari/537.36"
::1 - - [25/Mar/2017:04:18:51 +0000] "GET /p/users/queryAll2 HTTP/1.1" 404 1047 "-" "Mozilla/5.0 (Windows NT 6.1; WOW64) AppleWebKit/537.36 (KHTML, like Gecko) Chrome/57.0.2987.98 Safari/537.36"
::1 - - [25/Mar/2017:04:19:24 +0000] "GET /p/users/queryAll2 HTTP/1.1" 404 1047 "-" "Mozilla/5.0 (Windows NT 6.1; WOW64) AppleWebKit/537.36 (KHTML, like Gecko) Chrome/57.0.2987.98 Safari/537.36"
::1 - - [25/Mar/2017:04:19:25 +0000] "GET /p/users/queryAll2 HTTP/1.1" 404 1047 "-" "Mozilla/5.0 (Windows NT 6.1; WOW64) AppleWebKit/537.36 (KHTML, like Gecko) Chrome/57.0.2987.98 Safari/537.36"
::1 - - [25/Mar/2017:04:19:25 +0000] "GET /p/users/queryAll2 HTTP/1.1" 404 1047 "-" "Mozilla/5.0 (Windows NT 6.1; WOW64) AppleWebKit/537.36 (KHTML, like Gecko) Chrome/57.0.2987.98 Safari/537.36"
::1 - - [25/Mar/2017:04:19:25 +0000] "GET /p/users/queryAll2 HTTP/1.1" 404 1047 "-" "Mozilla/5.0 (Windows NT 6.1; WOW64) AppleWebKit/537.36 (KHTML, like Gecko) Chrome/57.0.2987.98 Safari/537.36"
::1 - - [25/Mar/2017:04:19:29 +0000] "GET /p/users/queryAll HTTP/1.1" 304 - "-" "Mozilla/5.0 (Windows NT 6.1; WOW64) AppleWebKit/537.36 (KHTML, like Gecko) Chrome/57.0.2987.98 Safari/537.36"
::1 - - [25/Mar/2017:04:19:33 +0000] "GET /p/users/queryAll2 HTTP/1.1" 404 1047 "-" "Mozilla/5.0 (Windows NT 6.1; WOW64) AppleWebKit/537.36 (KHTML, like Gecko) Chrome/57.0.2987.98 Safari/537.36"
::1 - - [25/Mar/2017:04:21:38 +0000] "GET /p/users/queryAll2 HTTP/1.1" 404 1047 "-" "Mozilla/5.0 (Windows NT 6.1; WOW64) AppleWebKit/537.36 (KHTML, like Gecko) Chrome/57.0.2987.98 Safari/537.36"
::1 - - [25/Mar/2017:04:21:39 +0000] "GET /p/users/queryAll2 HTTP/1.1" 404 1047 "-" "Mozilla/5.0 (Windows NT 6.1; WOW64) AppleWebKit/537.36 (KHTML, like Gecko) Chrome/57.0.2987.98 Safari/537.36"
::1 - - [25/Mar/2017:04:21:39 +0000] "GET /p/users/queryAll2 HTTP/1.1" 404 1047 "-" "Mozilla/5.0 (Windows NT 6.1; WOW64) AppleWebKit/537.36 (KHTML, like Gecko) Chrome/57.0.2987.98 Safari/537.36"
::1 - - [25/Mar/2017:04:22:01 +0000] "GET /p/users/queryAll2 HTTP/1.1" 404 1047 "-" "Mozilla/5.0 (Windows NT 6.1; WOW64) AppleWebKit/537.36 (KHTML, like Gecko) Chrome/57.0.2987.98 Safari/537.36"
::1 - - [25/Mar/2017:04:22:02 +0000] "GET /p/users/queryAll2 HTTP/1.1" 404 1047 "-" "Mozilla/5.0 (Windows NT 6.1; WOW64) AppleWebKit/537.36 (KHTML, like Gecko) Chrome/57.0.2987.98 Safari/537.36"
::1 - - [25/Mar/2017:04:22:02 +0000] "GET /p/users/queryAll2 HTTP/1.1" 404 1047 "-" "Mozilla/5.0 (Windows NT 6.1; WOW64) AppleWebKit/537.36 (KHTML, like Gecko) Chrome/57.0.2987.98 Safari/537.36"
::1 - - [25/Mar/2017:04:22:02 +0000] "GET /p/users/queryAll2 HTTP/1.1" 404 1047 "-" "Mozilla/5.0 (Windows NT 6.1; WOW64) AppleWebKit/537.36 (KHTML, like Gecko) Chrome/57.0.2987.98 Safari/537.36"
::1 - - [25/Mar/2017:04:22:02 +0000] "GET /p/users/queryAll2 HTTP/1.1" 404 1047 "-" "Mozilla/5.0 (Windows NT 6.1; WOW64) AppleWebKit/537.36 (KHTML, like Gecko) Chrome/57.0.2987.98 Safari/537.36"
::1 - - [25/Mar/2017:04:23:42 +0000] "GET /p/users/queryAll2 HTTP/1.1" 200 40 "-" "Mozilla/5.0 (Windows NT 6.1; WOW64) AppleWebKit/537.36 (KHTML, like Gecko) Chrome/57.0.2987.98 Safari/537.36"
::1 - - [25/Mar/2017:07:35:54 +0000] "GET /p/manage/queryAll HTTP/1.1" 200 40 "-" "Mozilla/5.0 (Windows NT 6.1; WOW64) AppleWebKit/537.36 (KHTML, like Gecko) Chrome/57.0.2987.98 Safari/537.36"
::1 - - [25/Mar/2017:07:52:32 +0000] "GET /p/manage/queryAll HTTP/1.1" 304 - "-" "Mozilla/5.0 (Windows NT 6.1; WOW64) AppleWebKit/537.36 (KHTML, like Gecko) Chrome/57.0.2987.98 Safari/537.36"
::1 - - [25/Mar/2017:07:56:28 +0000] "GET /p/manage/queryAll HTTP/1.1" 304 - "-" "Mozilla/5.0 (Windows NT 6.1; WOW64) AppleWebKit/537.36 (KHTML, like Gecko) Chrome/57.0.2987.98 Safari/537.36"
::1 - - [25/Mar/2017:07:56:35 +0000] "GET /p/manage/queryAll HTTP/1.1" 304 - "-" "Mozilla/5.0 (Windows NT 6.1; WOW64) AppleWebKit/537.36 (KHTML, like Gecko) Chrome/57.0.2987.98 Safari/537.36"
::1 - - [25/Mar/2017:07:56:50 +0000] "GET /images/jzt/webgl.jpg HTTP/1.1" 404 1047 "http://localhost:3000/index.html" "Mozilla/5.0 (Windows NT 6.1; WOW64) AppleWebKit/537.36 (KHTML, like Gecko) Chrome/57.0.2987.98 Safari/537.36"
::1 - - [25/Mar/2017:10:26:00 +0000] "GET /images/jzt/webgl.jpg HTTP/1.1" 404 1047 "http://localhost:3000/" "Mozilla/5.0 (Windows NT 6.1; WOW64) AppleWebKit/537.36 (KHTML, like Gecko) Chrome/57.0.2987.98 Safari/537.36"
::1 - - [25/Mar/2017:10:33:51 +0000] "GET /game/snake/three.min.js HTTP/1.1" 404 1047 "http://localhost:3000/game/snake/snake.html" "Mozilla/5.0 (Windows NT 6.1; WOW64) AppleWebKit/537.36 (KHTML, like Gecko) Chrome/57.0.2987.98 Safari/537.36"
::1 - - [25/Mar/2017:10:33:51 +0000] "GET /game/snake/optimer_bold.typeface.js HTTP/1.1" 404 1047 "http://localhost:3000/game/snake/snake.html" "Mozilla/5.0 (Windows NT 6.1; WOW64) AppleWebKit/537.36 (KHTML, like Gecko) Chrome/57.0.2987.98 Safari/537.36"
::1 - - [25/Mar/2017:10:33:53 +0000] "GET /game/snake/three.min.js HTTP/1.1" 404 1047 "http://localhost:3000/game/snake/snake.html" "Mozilla/5.0 (Windows NT 6.1; WOW64) AppleWebKit/537.36 (KHTML, like Gecko) Chrome/57.0.2987.98 Safari/537.36"
::1 - - [25/Mar/2017:10:33:53 +0000] "GET /game/snake/optimer_bold.typeface.js HTTP/1.1" 404 1047 "http://localhost:3000/game/snake/snake.html" "Mozilla/5.0 (Windows NT 6.1; WOW64) AppleWebKit/537.36 (KHTML, like Gecko) Chrome/57.0.2987.98 Safari/537.36"
::1 - - [25/Mar/2017:10:34:17 +0000] "GET /game/snake/three.min.js HTTP/1.1" 404 1047 "http://localhost:3000/game/snake/snake.html" "Mozilla/5.0 (Windows NT 6.1; WOW64) AppleWebKit/537.36 (KHTML, like Gecko) Chrome/57.0.2987.98 Safari/537.36"
::1 - - [25/Mar/2017:10:34:17 +0000] "GET /game/snake/optimer_bold.typeface.js HTTP/1.1" 404 1047 "http://localhost:3000/game/snake/snake.html" "Mozilla/5.0 (Windows NT 6.1; WOW64) AppleWebKit/537.36 (KHTML, like Gecko) Chrome/57.0.2987.98 Safari/537.36"
::1 - - [25/Mar/2017:10:35:35 +0000] "GET /js/three.min.js HTTP/1.1" 404 1047 "http://localhost:3000/game/snake/snake.html" "Mozilla/5.0 (Windows NT 6.1; WOW64) AppleWebKit/537.36 (KHTML, like Gecko) Chrome/57.0.2987.98 Safari/537.36"
::1 - - [25/Mar/2017:10:35:35 +0000] "GET /js/typeface.js HTTP/1.1" 404 1047 "http://localhost:3000/game/snake/snake.html" "Mozilla/5.0 (Windows NT 6.1; WOW64) AppleWebKit/537.36 (KHTML, like Gecko) Chrome/57.0.2987.98 Safari/537.36"
::1 - - [25/Mar/2017:10:35:36 +0000] "GET /js/typeface.js HTTP/1.1" 404 1047 "http://localhost:3000/game/snake/snake.html" "Mozilla/5.0 (Windows NT 6.1; WOW64) AppleWebKit/537.36 (KHTML, like Gecko) Chrome/57.0.2987.98 Safari/537.36"
::1 - - [25/Mar/2017:10:35:36 +0000] "GET /js/three.min.js HTTP/1.1" 404 1047 "http://localhost:3000/game/snake/snake.html" "Mozilla/5.0 (Windows NT 6.1; WOW64) AppleWebKit/537.36 (KHTML, like Gecko) Chrome/57.0.2987.98 Safari/537.36"
::1 - - [25/Mar/2017:10:35:36 +0000] "GET /js/typeface.js HTTP/1.1" 404 1047 "http://localhost:3000/game/snake/snake.html" "Mozilla/5.0 (Windows NT 6.1; WOW64) AppleWebKit/537.36 (KHTML, like Gecko) Chrome/57.0.2987.98 Safari/537.36"
::1 - - [25/Mar/2017:10:49:23 +0000] "GET /game/mine/css/image/bg.jpg HTTP/1.1" 404 1047 "http://localhost:3000/game/mine/css/main.css" "Mozilla/5.0 (Windows NT 6.1; WOW64) AppleWebKit/537.36 (KHTML, like Gecko) Chrome/57.0.2987.98 Safari/537.36"
::1 - - [25/Mar/2017:10:49:23 +0000] "GET /game/mine/css/image/hongqi.jpg HTTP/1.1" 404 1047 "http://localhost:3000/game/mine/css/main.css" "Mozilla/5.0 (Windows NT 6.1; WOW64) AppleWebKit/537.36 (KHTML, like Gecko) Chrome/57.0.2987.98 Safari/537.36"
::1 - - [25/Mar/2017:10:49:23 +0000] "GET /game/mine/css/image/shizhong.jpg HTTP/1.1" 404 1047 "http://localhost:3000/game/mine/css/main.css" "Mozilla/5.0 (Windows NT 6.1; WOW64) AppleWebKit/537.36 (KHTML, like Gecko) Chrome/57.0.2987.98 Safari/537.36"
::1 - - [25/Mar/2017:10:49:23 +0000] "GET /game/mine/css/image/cao.jpg HTTP/1.1" 404 1047 "http://localhost:3000/game/mine/css/main.css" "Mozilla/5.0 (Windows NT 6.1; WOW64) AppleWebKit/537.36 (KHTML, like Gecko) Chrome/57.0.2987.98 Safari/537.36"
::1 - - [25/Mar/2017:10:49:29 +0000] "GET /game/mine/css/image/dilei.jpg HTTP/1.1" 404 1047 "http://localhost:3000/game/mine/css/main.css" "Mozilla/5.0 (Windows NT 6.1; WOW64) AppleWebKit/537.36 (KHTML, like Gecko) Chrome/57.0.2987.98 Safari/537.36"
::1 - - [25/Mar/2017:10:52:12 +0000] "GET /images/jzt/webgl.jpg HTTP/1.1" 404 1047 "http://localhost:3000/" "Mozilla/5.0 (Windows NT 6.1; WOW64) AppleWebKit/537.36 (KHTML, like Gecko) Chrome/57.0.2987.98 Safari/537.36"
::1 - - [25/Mar/2017:15:15:48 +0000] "GET /images/jzt/webgl.jpg HTTP/1.1" 404 1047 "http://localhost:3000/" "Mozilla/5.0 (Windows NT 6.1; WOW64) AppleWebKit/537.36 (KHTML, like Gecko) Chrome/57.0.2987.98 Safari/537.36"
::1 - - [25/Mar/2017:15:15:51 +0000] "GET /view/js/lib/bootstrap.min.js HTTP/1.1" 404 1047 "http://localhost:3000/view/code.html" "Mozilla/5.0 (Windows NT 6.1; WOW64) AppleWebKit/537.36 (KHTML, like Gecko) Chrome/57.0.2987.98 Safari/537.36"
::1 - - [25/Mar/2017:15:15:51 +0000] "GET /view/js/lib/jquery.prettyPhoto.js HTTP/1.1" 404 1047 "http://localhost:3000/view/code.html" "Mozilla/5.0 (Windows NT 6.1; WOW64) AppleWebKit/537.36 (KHTML, like Gecko) Chrome/57.0.2987.98 Safari/537.36"
::1 - - [25/Mar/2017:15:15:52 +0000] "GET /view/js/lib/jquery.isotope.min.js HTTP/1.1" 404 1047 "http://localhost:3000/view/code.html" "Mozilla/5.0 (Windows NT 6.1; WOW64) AppleWebKit/537.36 (KHTML, like Gecko) Chrome/57.0.2987.98 Safari/537.36"
::1 - - [25/Mar/2017:15:15:52 +0000] "GET /view/js/lib/wow.min.js HTTP/1.1" 404 1047 "http://localhost:3000/view/code.html" "Mozilla/5.0 (Windows NT 6.1; WOW64) AppleWebKit/537.36 (KHTML, like Gecko) Chrome/57.0.2987.98 Safari/537.36"
::1 - - [25/Mar/2017:15:15:52 +0000] "GET /view/js/lib/d3.js HTTP/1.1" 404 1047 "http://localhost:3000/view/code.html" "Mozilla/5.0 (Windows NT 6.1; WOW64) AppleWebKit/537.36 (KHTML, like Gecko) Chrome/57.0.2987.98 Safari/537.36"
::1 - - [25/Mar/2017:15:15:57 +0000] "GET /view/js/lib/bootstrap.min.js HTTP/1.1" 404 1047 "http://localhost:3000/view/code.html" "Mozilla/5.0 (Windows NT 6.1; WOW64) AppleWebKit/537.36 (KHTML, like Gecko) Chrome/57.0.2987.98 Safari/537.36"
::1 - - [25/Mar/2017:15:15:57 +0000] "GET /view/js/lib/jquery.prettyPhoto.js HTTP/1.1" 404 1047 "http://localhost:3000/view/code.html" "Mozilla/5.0 (Windows NT 6.1; WOW64) AppleWebKit/537.36 (KHTML, like Gecko) Chrome/57.0.2987.98 Safari/537.36"
::1 - - [25/Mar/2017:15:15:57 +0000] "GET /view/js/lib/jquery.isotope.min.js HTTP/1.1" 404 1047 "http://localhost:3000/view/code.html" "Mozilla/5.0 (Windows NT 6.1; WOW64) AppleWebKit/537.36 (KHTML, like Gecko) Chrome/57.0.2987.98 Safari/537.36"
::1 - - [25/Mar/2017:15:15:57 +0000] "GET /view/js/lib/wow.min.js HTTP/1.1" 404 1047 "http://localhost:3000/view/code.html" "Mozilla/5.0 (Windows NT 6.1; WOW64) AppleWebKit/537.36 (KHTML, like Gecko) Chrome/57.0.2987.98 Safari/537.36"
::1 - - [25/Mar/2017:15:15:57 +0000] "GET /view/js/lib/d3.js HTTP/1.1" 404 1047 "http://localhost:3000/view/code.html" "Mozilla/5.0 (Windows NT 6.1; WOW64) AppleWebKit/537.36 (KHTML, like Gecko) Chrome/57.0.2987.98 Safari/537.36"
::1 - - [25/Mar/2017:15:16:11 +0000] "GET /view/js/lib/bootstrap.min.js HTTP/1.1" 404 1047 "-" "Mozilla/5.0 (Windows NT 6.1; WOW64) AppleWebKit/537.36 (KHTML, like Gecko) Chrome/57.0.2987.98 Safari/537.36"
::1 - - [25/Mar/2017:15:16:11 +0000] "GET /stylesheets/style.css HTTP/1.1" 404 1047 "http://localhost:3000/view/js/lib/bootstrap.min.js" "Mozilla/5.0 (Windows NT 6.1; WOW64) AppleWebKit/537.36 (KHTML, like Gecko) Chrome/57.0.2987.98 Safari/537.36"
::1 - - [25/Mar/2017:15:16:19 +0000] "GET /view/images/jzt/xwmr.jpg HTTP/1.1" 404 1047 "http://localhost:3000/view/relax.html" "Mozilla/5.0 (Windows NT 6.1; WOW64) AppleWebKit/537.36 (KHTML, like Gecko) Chrome/57.0.2987.98 Safari/537.36"
::1 - - [25/Mar/2017:15:16:19 +0000] "GET /images/search_icon.png HTTP/1.1" 404 1047 "http://localhost:3000/css/main.css" "Mozilla/5.0 (Windows NT 6.1; WOW64) AppleWebKit/537.36 (KHTML, like Gecko) Chrome/57.0.2987.98 Safari/537.36"
::1 - - [25/Mar/2017:15:18:37 +0000] "GET /images/search_icon.png HTTP/1.1" 404 1047 "http://localhost:3000/css/main.css" "Mozilla/5.0 (Windows NT 6.1; WOW64) AppleWebKit/537.36 (KHTML, like Gecko) Chrome/57.0.2987.98 Safari/537.36"
::1 - - [25/Mar/2017:15:18:40 +0000] "GET /view/js/lib/bootstrap.min.js HTTP/1.1" 404 1047 "http://localhost:3000/view/code.html" "Mozilla/5.0 (Windows NT 6.1; WOW64) AppleWebKit/537.36 (KHTML, like Gecko) Chrome/57.0.2987.98 Safari/537.36"
::1 - - [25/Mar/2017:15:18:40 +0000] "GET /view/js/lib/jquery.prettyPhoto.js HTTP/1.1" 404 1047 "http://localhost:3000/view/code.html" "Mozilla/5.0 (Windows NT 6.1; WOW64) AppleWebKit/537.36 (KHTML, like Gecko) Chrome/57.0.2987.98 Safari/537.36"
::1 - - [25/Mar/2017:15:18:40 +0000] "GET /view/js/lib/jquery.isotope.min.js HTTP/1.1" 404 1047 "http://localhost:3000/view/code.html" "Mozilla/5.0 (Windows NT 6.1; WOW64) AppleWebKit/537.36 (KHTML, like Gecko) Chrome/57.0.2987.98 Safari/537.36"
::1 - - [25/Mar/2017:15:18:40 +0000] "GET /view/js/lib/wow.min.js HTTP/1.1" 404 1047 "http://localhost:3000/view/code.html" "Mozilla/5.0 (Windows NT 6.1; WOW64) AppleWebKit/537.36 (KHTML, like Gecko) Chrome/57.0.2987.98 Safari/537.36"
::1 - - [25/Mar/2017:15:18:40 +0000] "GET /view/js/lib/d3.js HTTP/1.1" 404 1047 "http://localhost:3000/view/code.html" "Mozilla/5.0 (Windows NT 6.1; WOW64) AppleWebKit/537.36 (KHTML, like Gecko) Chrome/57.0.2987.98 Safari/537.36"
::1 - - [25/Mar/2017:15:19:18 +0000] "GET /view/js/lib/bootstrap.min.js HTTP/1.1" 404 1047 "http://localhost:3000/view/code.html" "Mozilla/5.0 (Windows NT 6.1; WOW64) AppleWebKit/537.36 (KHTML, like Gecko) Chrome/57.0.2987.98 Safari/537.36"
::1 - - [25/Mar/2017:15:19:18 +0000] "GET /view/js/lib/jquery.prettyPhoto.js HTTP/1.1" 404 1047 "http://localhost:3000/view/code.html" "Mozilla/5.0 (Windows NT 6.1; WOW64) AppleWebKit/537.36 (KHTML, like Gecko) Chrome/57.0.2987.98 Safari/537.36"
::1 - - [25/Mar/2017:15:19:18 +0000] "GET /view/js/lib/jquery.isotope.min.js HTTP/1.1" 404 1047 "http://localhost:3000/view/code.html" "Mozilla/5.0 (Windows NT 6.1; WOW64) AppleWebKit/537.36 (KHTML, like Gecko) Chrome/57.0.2987.98 Safari/537.36"
::1 - - [25/Mar/2017:15:19:18 +0000] "GET /view/js/lib/wow.min.js HTTP/1.1" 404 1047 "http://localhost:3000/view/code.html" "Mozilla/5.0 (Windows NT 6.1; WOW64) AppleWebKit/537.36 (KHTML, like Gecko) Chrome/57.0.2987.98 Safari/537.36"
::1 - - [25/Mar/2017:15:19:18 +0000] "GET /view/js/lib/d3.js HTTP/1.1" 404 1047 "http://localhost:3000/view/code.html" "Mozilla/5.0 (Windows NT 6.1; WOW64) AppleWebKit/537.36 (KHTML, like Gecko) Chrome/57.0.2987.98 Safari/537.36"
::1 - - [25/Mar/2017:15:19:21 +0000] "GET /view/js/lib/bootstrap.min.js HTTP/1.1" 404 1047 "http://localhost:3000/view/code.html" "Mozilla/5.0 (Windows NT 6.1; WOW64) AppleWebKit/537.36 (KHTML, like Gecko) Chrome/57.0.2987.98 Safari/537.36"
::1 - - [25/Mar/2017:15:19:21 +0000] "GET /view/js/lib/jquery.prettyPhoto.js HTTP/1.1" 404 1047 "http://localhost:3000/view/code.html" "Mozilla/5.0 (Windows NT 6.1; WOW64) AppleWebKit/537.36 (KHTML, like Gecko) Chrome/57.0.2987.98 Safari/537.36"
::1 - - [25/Mar/2017:15:19:21 +0000] "GET /view/js/lib/jquery.isotope.min.js HTTP/1.1" 404 1047 "http://localhost:3000/view/code.html" "Mozilla/5.0 (Windows NT 6.1; WOW64) AppleWebKit/537.36 (KHTML, like Gecko) Chrome/57.0.2987.98 Safari/537.36"
::1 - - [25/Mar/2017:15:19:21 +0000] "GET /view/js/lib/wow.min.js HTTP/1.1" 404 1047 "http://localhost:3000/view/code.html" "Mozilla/5.0 (Windows NT 6.1; WOW64) AppleWebKit/537.36 (KHTML, like Gecko) Chrome/57.0.2987.98 Safari/537.36"
::1 - - [25/Mar/2017:15:19:21 +0000] "GET /view/js/lib/d3.js HTTP/1.1" 404 1047 "http://localhost:3000/view/code.html" "Mozilla/5.0 (Windows NT 6.1; WOW64) AppleWebKit/537.36 (KHTML, like Gecko) Chrome/57.0.2987.98 Safari/537.36"
::1 - - [25/Mar/2017:15:19:23 +0000] "GET /view/js/lib/bootstrap.min.js HTTP/1.1" 404 1047 "http://localhost:3000/view/code.html" "Mozilla/5.0 (Windows NT 6.1; WOW64) AppleWebKit/537.36 (KHTML, like Gecko) Chrome/57.0.2987.98 Safari/537.36"
::1 - - [25/Mar/2017:15:19:23 +0000] "GET /view/js/lib/jquery.prettyPhoto.js HTTP/1.1" 404 1047 "http://localhost:3000/view/code.html" "Mozilla/5.0 (Windows NT 6.1; WOW64) AppleWebKit/537.36 (KHTML, like Gecko) Chrome/57.0.2987.98 Safari/537.36"
::1 - - [25/Mar/2017:15:19:23 +0000] "GET /view/js/lib/jquery.isotope.min.js HTTP/1.1" 404 1047 "http://localhost:3000/view/code.html" "Mozilla/5.0 (Windows NT 6.1; WOW64) AppleWebKit/537.36 (KHTML, like Gecko) Chrome/57.0.2987.98 Safari/537.36"
::1 - - [25/Mar/2017:15:19:23 +0000] "GET /view/js/lib/wow.min.js HTTP/1.1" 404 1047 "http://localhost:3000/view/code.html" "Mozilla/5.0 (Windows NT 6.1; WOW64) AppleWebKit/537.36 (KHTML, like Gecko) Chrome/57.0.2987.98 Safari/537.36"
::1 - - [25/Mar/2017:15:19:23 +0000] "GET /view/js/lib/d3.js HTTP/1.1" 404 1047 "http://localhost:3000/view/code.html" "Mozilla/5.0 (Windows NT 6.1; WOW64) AppleWebKit/537.36 (KHTML, like Gecko) Chrome/57.0.2987.98 Safari/537.36"
::1 - - [25/Mar/2017:15:19:46 +0000] "GET /images/search_icon.png HTTP/1.1" 404 1047 "http://localhost:3000/css/main.css" "Mozilla/5.0 (Windows NT 6.1; WOW64) AppleWebKit/537.36 (KHTML, like Gecko) Chrome/57.0.2987.98 Safari/537.36"
::1 - - [25/Mar/2017:15:19:51 +0000] "GET /tree.html HTTP/1.1" 404 1047 "http://localhost:3000/view/mes.html" "Mozilla/5.0 (Windows NT 6.1; WOW64) AppleWebKit/537.36 (KHTML, like Gecko) Chrome/57.0.2987.98 Safari/537.36"
::1 - - [25/Mar/2017:15:19:52 +0000] "GET /stylesheets/style.css HTTP/1.1" 404 1047 "http://localhost:3000/tree.html" "Mozilla/5.0 (Windows NT 6.1; WOW64) AppleWebKit/537.36 (KHTML, like Gecko) Chrome/57.0.2987.98 Safari/537.36"
::1 - - [25/Mar/2017:15:19:53 +0000] "GET /stylesheets/style.css HTTP/1.1" 404 1047 "http://localhost:3000/tree.html" "Mozilla/5.0 (Windows NT 6.1; WOW64) AppleWebKit/537.36 (KHTML, like Gecko) Chrome/57.0.2987.98 Safari/537.36"
::1 - - [26/Mar/2017:04:03:38 +0000] "GET /images/jzt/webgl.jpg HTTP/1.1" 404 1047 "http://localhost:3000/" "Mozilla/5.0 (Windows NT 6.1; WOW64) AppleWebKit/537.36 (KHTML, like Gecko) Chrome/57.0.2987.98 Safari/537.36"
::1 - - [26/Mar/2017:04:03:42 +0000] "GET /view/js/lib/bootstrap.min.js HTTP/1.1" 404 1047 "http://localhost:3000/view/code.html" "Mozilla/5.0 (Windows NT 6.1; WOW64) AppleWebKit/537.36 (KHTML, like Gecko) Chrome/57.0.2987.98 Safari/537.36"
::1 - - [26/Mar/2017:04:03:42 +0000] "GET /view/js/lib/jquery.prettyPhoto.js HTTP/1.1" 404 1047 "http://localhost:3000/view/code.html" "Mozilla/5.0 (Windows NT 6.1; WOW64) AppleWebKit/537.36 (KHTML, like Gecko) Chrome/57.0.2987.98 Safari/537.36"
::1 - - [26/Mar/2017:04:03:42 +0000] "GET /view/js/lib/jquery.isotope.min.js HTTP/1.1" 404 1047 "http://localhost:3000/view/code.html" "Mozilla/5.0 (Windows NT 6.1; WOW64) AppleWebKit/537.36 (KHTML, like Gecko) Chrome/57.0.2987.98 Safari/537.36"
::1 - - [26/Mar/2017:04:03:42 +0000] "GET /view/js/lib/wow.min.js HTTP/1.1" 404 1047 "http://localhost:3000/view/code.html" "Mozilla/5.0 (Windows NT 6.1; WOW64) AppleWebKit/537.36 (KHTML, like Gecko) Chrome/57.0.2987.98 Safari/537.36"
::1 - - [26/Mar/2017:04:03:42 +0000] "GET /view/js/lib/d3.js HTTP/1.1" 404 1047 "http://localhost:3000/view/code.html" "Mozilla/5.0 (Windows NT 6.1; WOW64) AppleWebKit/537.36 (KHTML, like Gecko) Chrome/57.0.2987.98 Safari/537.36"
::1 - - [26/Mar/2017:04:03:59 +0000] "GET /view/js/lib/bootstrap.min.js HTTP/1.1" 404 1047 "-" "Mozilla/5.0 (Windows NT 6.1; WOW64) AppleWebKit/537.36 (KHTML, like Gecko) Chrome/57.0.2987.98 Safari/537.36"
::1 - - [26/Mar/2017:04:03:59 +0000] "GET /stylesheets/style.css HTTP/1.1" 404 1047 "http://localhost:3000/view/js/lib/bootstrap.min.js" "Mozilla/5.0 (Windows NT 6.1; WOW64) AppleWebKit/537.36 (KHTML, like Gecko) Chrome/57.0.2987.98 Safari/537.36"
::1 - - [26/Mar/2017:04:04:00 +0000] "GET /favicon.ico HTTP/1.1" 404 1047 "http://localhost:3000/view/js/lib/bootstrap.min.js" "Mozilla/5.0 (Windows NT 6.1; WOW64) AppleWebKit/537.36 (KHTML, like Gecko) Chrome/57.0.2987.98 Safari/537.36"
::1 - - [26/Mar/2017:04:05:12 +0000] "GET /view/js/lib/bootstrap.min.js HTTP/1.1" 404 1047 "-" "Mozilla/5.0 (Windows NT 6.1; WOW64) AppleWebKit/537.36 (KHTML, like Gecko) Chrome/57.0.2987.98 Safari/537.36"
::1 - - [26/Mar/2017:04:05:12 +0000] "GET /stylesheets/style.css HTTP/1.1" 404 1047 "http://localhost:3000/view/js/lib/bootstrap.min.js" "Mozilla/5.0 (Windows NT 6.1; WOW64) AppleWebKit/537.36 (KHTML, like Gecko) Chrome/57.0.2987.98 Safari/537.36"
::1 - - [26/Mar/2017:04:05:18 +0000] "GET /view/js/lib/bootstrap.min.js HTTP/1.1" 404 1047 "http://localhost:3000/view/code.html" "Mozilla/5.0 (Windows NT 6.1; WOW64) AppleWebKit/537.36 (KHTML, like Gecko) Chrome/57.0.2987.98 Safari/537.36"
::1 - - [26/Mar/2017:04:05:18 +0000] "GET /view/js/lib/jquery.prettyPhoto.js HTTP/1.1" 404 1047 "http://localhost:3000/view/code.html" "Mozilla/5.0 (Windows NT 6.1; WOW64) AppleWebKit/537.36 (KHTML, like Gecko) Chrome/57.0.2987.98 Safari/537.36"
::1 - - [26/Mar/2017:04:05:18 +0000] "GET /view/js/lib/jquery.isotope.min.js HTTP/1.1" 404 1047 "http://localhost:3000/view/code.html" "Mozilla/5.0 (Windows NT 6.1; WOW64) AppleWebKit/537.36 (KHTML, like Gecko) Chrome/57.0.2987.98 Safari/537.36"
::1 - - [26/Mar/2017:04:05:18 +0000] "GET /view/js/lib/wow.min.js HTTP/1.1" 404 1047 "http://localhost:3000/view/code.html" "Mozilla/5.0 (Windows NT 6.1; WOW64) AppleWebKit/537.36 (KHTML, like Gecko) Chrome/57.0.2987.98 Safari/537.36"
::1 - - [26/Mar/2017:04:05:18 +0000] "GET /view/js/lib/d3.js HTTP/1.1" 404 1047 "http://localhost:3000/view/code.html" "Mozilla/5.0 (Windows NT 6.1; WOW64) AppleWebKit/537.36 (KHTML, like Gecko) Chrome/57.0.2987.98 Safari/537.36"
::1 - - [26/Mar/2017:04:05:35 +0000] "GET /view/js/lib/bootstrap.min.js HTTP/1.1" 404 1047 "http://localhost:3000/view/code.html" "Mozilla/5.0 (Windows NT 6.1; WOW64) AppleWebKit/537.36 (KHTML, like Gecko) Chrome/57.0.2987.98 Safari/537.36"
::1 - - [26/Mar/2017:04:05:35 +0000] "GET /view/js/lib/jquery.prettyPhoto.js HTTP/1.1" 404 1047 "http://localhost:3000/view/code.html" "Mozilla/5.0 (Windows NT 6.1; WOW64) AppleWebKit/537.36 (KHTML, like Gecko) Chrome/57.0.2987.98 Safari/537.36"
::1 - - [26/Mar/2017:04:05:35 +0000] "GET /view/js/lib/jquery.isotope.min.js HTTP/1.1" 404 1047 "http://localhost:3000/view/code.html" "Mozilla/5.0 (Windows NT 6.1; WOW64) AppleWebKit/537.36 (KHTML, like Gecko) Chrome/57.0.2987.98 Safari/537.36"
::1 - - [26/Mar/2017:04:05:35 +0000] "GET /view/js/lib/wow.min.js HTTP/1.1" 404 1047 "http://localhost:3000/view/code.html" "Mozilla/5.0 (Windows NT 6.1; WOW64) AppleWebKit/537.36 (KHTML, like Gecko) Chrome/57.0.2987.98 Safari/537.36"
::1 - - [26/Mar/2017:04:05:35 +0000] "GET /view/js/lib/d3.js HTTP/1.1" 404 1047 "http://localhost:3000/view/code.html" "Mozilla/5.0 (Windows NT 6.1; WOW64) AppleWebKit/537.36 (KHTML, like Gecko) Chrome/57.0.2987.98 Safari/537.36"
::1 - - [26/Mar/2017:04:05:44 +0000] "GET /view/js/lib/bootstrap.min.js HTTP/1.1" 404 1047 "http://localhost:3000/view/code.html" "Mozilla/5.0 (Windows NT 6.1; WOW64) AppleWebKit/537.36 (KHTML, like Gecko) Chrome/57.0.2987.98 Safari/537.36"
::1 - - [26/Mar/2017:04:05:44 +0000] "GET /view/js/lib/jquery.prettyPhoto.js HTTP/1.1" 404 1047 "http://localhost:3000/view/code.html" "Mozilla/5.0 (Windows NT 6.1; WOW64) AppleWebKit/537.36 (KHTML, like Gecko) Chrome/57.0.2987.98 Safari/537.36"
::1 - - [26/Mar/2017:04:05:44 +0000] "GET /view/js/lib/jquery.isotope.min.js HTTP/1.1" 404 1047 "http://localhost:3000/view/code.html" "Mozilla/5.0 (Windows NT 6.1; WOW64) AppleWebKit/537.36 (KHTML, like Gecko) Chrome/57.0.2987.98 Safari/537.36"
::1 - - [26/Mar/2017:04:05:44 +0000] "GET /view/js/lib/wow.min.js HTTP/1.1" 404 1047 "http://localhost:3000/view/code.html" "Mozilla/5.0 (Windows NT 6.1; WOW64) AppleWebKit/537.36 (KHTML, like Gecko) Chrome/57.0.2987.98 Safari/537.36"
::1 - - [26/Mar/2017:04:05:44 +0000] "GET /view/js/lib/d3.js HTTP/1.1" 404 1047 "http://localhost:3000/view/code.html" "Mozilla/5.0 (Windows NT 6.1; WOW64) AppleWebKit/537.36 (KHTML, like Gecko) Chrome/57.0.2987.98 Safari/537.36"
::1 - - [26/Mar/2017:04:06:15 +0000] "GET /view/js/lib/bootstrap.min.js HTTP/1.1" 404 1047 "http://localhost:3000/view/code.html" "Mozilla/5.0 (Windows NT 6.1; WOW64) AppleWebKit/537.36 (KHTML, like Gecko) Chrome/57.0.2987.98 Safari/537.36"
::1 - - [26/Mar/2017:04:06:15 +0000] "GET /view/js/lib/jquery.prettyPhoto.js HTTP/1.1" 404 1047 "http://localhost:3000/view/code.html" "Mozilla/5.0 (Windows NT 6.1; WOW64) AppleWebKit/537.36 (KHTML, like Gecko) Chrome/57.0.2987.98 Safari/537.36"
::1 - - [26/Mar/2017:04:06:15 +0000] "GET /view/js/lib/jquery.isotope.min.js HTTP/1.1" 404 1047 "http://localhost:3000/view/code.html" "Mozilla/5.0 (Windows NT 6.1; WOW64) AppleWebKit/537.36 (KHTML, like Gecko) Chrome/57.0.2987.98 Safari/537.36"
::1 - - [26/Mar/2017:04:06:15 +0000] "GET /view/js/lib/wow.min.js HTTP/1.1" 404 1047 "http://localhost:3000/view/code.html" "Mozilla/5.0 (Windows NT 6.1; WOW64) AppleWebKit/537.36 (KHTML, like Gecko) Chrome/57.0.2987.98 Safari/537.36"
::1 - - [26/Mar/2017:04:06:15 +0000] "GET /view/js/lib/d3.js HTTP/1.1" 404 1047 "http://localhost:3000/view/code.html" "Mozilla/5.0 (Windows NT 6.1; WOW64) AppleWebKit/537.36 (KHTML, like Gecko) Chrome/57.0.2987.98 Safari/537.36"
::1 - - [26/Mar/2017:04:06:19 +0000] "GET /view/js/lib/bootstrap.min.js HTTP/1.1" 404 1047 "http://localhost:3000/view/code.html" "Mozilla/5.0 (Windows NT 6.1; WOW64) AppleWebKit/537.36 (KHTML, like Gecko) Chrome/57.0.2987.98 Safari/537.36"
::1 - - [26/Mar/2017:04:06:19 +0000] "GET /view/js/lib/jquery.prettyPhoto.js HTTP/1.1" 404 1047 "http://localhost:3000/view/code.html" "Mozilla/5.0 (Windows NT 6.1; WOW64) AppleWebKit/537.36 (KHTML, like Gecko) Chrome/57.0.2987.98 Safari/537.36"
::1 - - [26/Mar/2017:04:06:19 +0000] "GET /view/js/lib/jquery.isotope.min.js HTTP/1.1" 404 1047 "http://localhost:3000/view/code.html" "Mozilla/5.0 (Windows NT 6.1; WOW64) AppleWebKit/537.36 (KHTML, like Gecko) Chrome/57.0.2987.98 Safari/537.36"
::1 - - [26/Mar/2017:04:06:19 +0000] "GET /view/js/lib/wow.min.js HTTP/1.1" 404 1047 "http://localhost:3000/view/code.html" "Mozilla/5.0 (Windows NT 6.1; WOW64) AppleWebKit/537.36 (KHTML, like Gecko) Chrome/57.0.2987.98 Safari/537.36"
::1 - - [26/Mar/2017:04:06:19 +0000] "GET /view/js/lib/d3.js HTTP/1.1" 404 1047 "http://localhost:3000/view/code.html" "Mozilla/5.0 (Windows NT 6.1; WOW64) AppleWebKit/537.36 (KHTML, like Gecko) Chrome/57.0.2987.98 Safari/537.36"
::1 - - [26/Mar/2017:04:06:43 +0000] "GET /view/js/lib/bootstrap.min.js HTTP/1.1" 404 1047 "http://localhost:3000/view/code.html" "Mozilla/5.0 (Windows NT 6.1; WOW64) AppleWebKit/537.36 (KHTML, like Gecko) Chrome/57.0.2987.98 Safari/537.36"
::1 - - [26/Mar/2017:04:06:43 +0000] "GET /view/js/lib/jquery.prettyPhoto.js HTTP/1.1" 404 1047 "http://localhost:3000/view/code.html" "Mozilla/5.0 (Windows NT 6.1; WOW64) AppleWebKit/537.36 (KHTML, like Gecko) Chrome/57.0.2987.98 Safari/537.36"
::1 - - [26/Mar/2017:04:06:43 +0000] "GET /view/js/lib/jquery.isotope.min.js HTTP/1.1" 404 1047 "http://localhost:3000/view/code.html" "Mozilla/5.0 (Windows NT 6.1; WOW64) AppleWebKit/537.36 (KHTML, like Gecko) Chrome/57.0.2987.98 Safari/537.36"
::1 - - [26/Mar/2017:04:06:43 +0000] "GET /view/js/lib/wow.min.js HTTP/1.1" 404 1047 "http://localhost:3000/view/code.html" "Mozilla/5.0 (Windows NT 6.1; WOW64) AppleWebKit/537.36 (KHTML, like Gecko) Chrome/57.0.2987.98 Safari/537.36"
::1 - - [26/Mar/2017:04:06:43 +0000] "GET /view/js/lib/d3.js HTTP/1.1" 404 1047 "http://localhost:3000/view/code.html" "Mozilla/5.0 (Windows NT 6.1; WOW64) AppleWebKit/537.36 (KHTML, like Gecko) Chrome/57.0.2987.98 Safari/537.36"
::1 - - [26/Mar/2017:04:07:02 +0000] "GET /view/js/lib/bootstrap.min.js HTTP/1.1" 404 1047 "http://localhost:3000/view/code.html" "Mozilla/5.0 (Windows NT 6.1; WOW64) AppleWebKit/537.36 (KHTML, like Gecko) Chrome/57.0.2987.98 Safari/537.36"
::1 - - [26/Mar/2017:04:07:02 +0000] "GET /view/js/lib/jquery.prettyPhoto.js HTTP/1.1" 404 1047 "http://localhost:3000/view/code.html" "Mozilla/5.0 (Windows NT 6.1; WOW64) AppleWebKit/537.36 (KHTML, like Gecko) Chrome/57.0.2987.98 Safari/537.36"
::1 - - [26/Mar/2017:04:07:02 +0000] "GET /view/js/lib/jquery.isotope.min.js HTTP/1.1" 404 1047 "http://localhost:3000/view/code.html" "Mozilla/5.0 (Windows NT 6.1; WOW64) AppleWebKit/537.36 (KHTML, like Gecko) Chrome/57.0.2987.98 Safari/537.36"
::1 - - [26/Mar/2017:04:07:02 +0000] "GET /view/js/lib/wow.min.js HTTP/1.1" 404 1047 "http://localhost:3000/view/code.html" "Mozilla/5.0 (Windows NT 6.1; WOW64) AppleWebKit/537.36 (KHTML, like Gecko) Chrome/57.0.2987.98 Safari/537.36"
::1 - - [26/Mar/2017:04:07:02 +0000] "GET /view/js/lib/d3.js HTTP/1.1" 404 1047 "http://localhost:3000/view/code.html" "Mozilla/5.0 (Windows NT 6.1; WOW64) AppleWebKit/537.36 (KHTML, like Gecko) Chrome/57.0.2987.98 Safari/537.36"
::1 - - [26/Mar/2017:04:07:05 +0000] "GET /images/jzt/webgl.jpg HTTP/1.1" 404 1047 "http://localhost:3000/index.html" "Mozilla/5.0 (Windows NT 6.1; WOW64) AppleWebKit/537.36 (KHTML, like Gecko) Chrome/57.0.2987.98 Safari/537.36"
::1 - - [26/Mar/2017:04:13:33 +0000] "GET /view/js/lib/bootstrap.min.js HTTP/1.1" 404 1047 "http://localhost:3000/view/code.html" "Mozilla/5.0 (Windows NT 6.1; WOW64) AppleWebKit/537.36 (KHTML, like Gecko) Chrome/57.0.2987.98 Safari/537.36"
::1 - - [26/Mar/2017:04:13:33 +0000] "GET /view/js/lib/jquery.prettyPhoto.js HTTP/1.1" 404 1047 "http://localhost:3000/view/code.html" "Mozilla/5.0 (Windows NT 6.1; WOW64) AppleWebKit/537.36 (KHTML, like Gecko) Chrome/57.0.2987.98 Safari/537.36"
::1 - - [26/Mar/2017:04:13:33 +0000] "GET /view/js/lib/jquery.isotope.min.js HTTP/1.1" 404 1047 "http://localhost:3000/view/code.html" "Mozilla/5.0 (Windows NT 6.1; WOW64) AppleWebKit/537.36 (KHTML, like Gecko) Chrome/57.0.2987.98 Safari/537.36"
::1 - - [26/Mar/2017:04:13:33 +0000] "GET /view/js/lib/wow.min.js HTTP/1.1" 404 1047 "http://localhost:3000/view/code.html" "Mozilla/5.0 (Windows NT 6.1; WOW64) AppleWebKit/537.36 (KHTML, like Gecko) Chrome/57.0.2987.98 Safari/537.36"
::1 - - [26/Mar/2017:04:13:33 +0000] "GET /view/js/lib/d3.js HTTP/1.1" 404 1047 "http://localhost:3000/view/code.html" "Mozilla/5.0 (Windows NT 6.1; WOW64) AppleWebKit/537.36 (KHTML, like Gecko) Chrome/57.0.2987.98 Safari/537.36"
::1 - - [26/Mar/2017:04:13:49 +0000] "GET /view/js/lib/bootstrap.min.js HTTP/1.1" 404 1047 "-" "Mozilla/5.0 (Windows NT 6.1; WOW64) AppleWebKit/537.36 (KHTML, like Gecko) Chrome/57.0.2987.98 Safari/537.36"
::1 - - [26/Mar/2017:04:13:49 +0000] "GET /stylesheets/style.css HTTP/1.1" 404 1047 "http://localhost:3000/view/js/lib/bootstrap.min.js" "Mozilla/5.0 (Windows NT 6.1; WOW64) AppleWebKit/537.36 (KHTML, like Gecko) Chrome/57.0.2987.98 Safari/537.36"
::1 - - [26/Mar/2017:04:15:32 +0000] "GET /view/js/lib/bootstrap.min.js HTTP/1.1" 404 1047 "http://localhost:3000/view/code.html" "Mozilla/5.0 (Windows NT 6.1; WOW64) AppleWebKit/537.36 (KHTML, like Gecko) Chrome/57.0.2987.98 Safari/537.36"
::1 - - [26/Mar/2017:04:15:32 +0000] "GET /view/js/lib/jquery.prettyPhoto.js HTTP/1.1" 404 1047 "http://localhost:3000/view/code.html" "Mozilla/5.0 (Windows NT 6.1; WOW64) AppleWebKit/537.36 (KHTML, like Gecko) Chrome/57.0.2987.98 Safari/537.36"
::1 - - [26/Mar/2017:04:15:32 +0000] "GET /view/js/lib/jquery.isotope.min.js HTTP/1.1" 404 1047 "http://localhost:3000/view/code.html" "Mozilla/5.0 (Windows NT 6.1; WOW64) AppleWebKit/537.36 (KHTML, like Gecko) Chrome/57.0.2987.98 Safari/537.36"
::1 - - [26/Mar/2017:04:15:32 +0000] "GET /view/js/lib/wow.min.js HTTP/1.1" 404 1047 "http://localhost:3000/view/code.html" "Mozilla/5.0 (Windows NT 6.1; WOW64) AppleWebKit/537.36 (KHTML, like Gecko) Chrome/57.0.2987.98 Safari/537.36"
::1 - - [26/Mar/2017:04:15:32 +0000] "GET /view/js/lib/d3.js HTTP/1.1" 404 1047 "http://localhost:3000/view/code.html" "Mozilla/5.0 (Windows NT 6.1; WOW64) AppleWebKit/537.36 (KHTML, like Gecko) Chrome/57.0.2987.98 Safari/537.36"
::1 - - [26/Mar/2017:04:15:50 +0000] "GET /view/js/lib/bootstrap.min.js HTTP/1.1" 404 1047 "http://localhost:3000/view/code.html" "Mozilla/5.0 (Windows NT 6.1; WOW64) AppleWebKit/537.36 (KHTML, like Gecko) Chrome/57.0.2987.98 Safari/537.36"
::1 - - [26/Mar/2017:04:15:50 +0000] "GET /view/js/lib/jquery.prettyPhoto.js HTTP/1.1" 404 1047 "http://localhost:3000/view/code.html" "Mozilla/5.0 (Windows NT 6.1; WOW64) AppleWebKit/537.36 (KHTML, like Gecko) Chrome/57.0.2987.98 Safari/537.36"
::1 - - [26/Mar/2017:04:15:50 +0000] "GET /view/js/lib/jquery.isotope.min.js HTTP/1.1" 404 1047 "http://localhost:3000/view/code.html" "Mozilla/5.0 (Windows NT 6.1; WOW64) AppleWebKit/537.36 (KHTML, like Gecko) Chrome/57.0.2987.98 Safari/537.36"
::1 - - [26/Mar/2017:04:15:50 +0000] "GET /view/js/lib/wow.min.js HTTP/1.1" 404 1047 "http://localhost:3000/view/code.html" "Mozilla/5.0 (Windows NT 6.1; WOW64) AppleWebKit/537.36 (KHTML, like Gecko) Chrome/57.0.2987.98 Safari/537.36"
::1 - - [26/Mar/2017:04:15:50 +0000] "GET /view/js/lib/d3.js HTTP/1.1" 404 1047 "http://localhost:3000/view/code.html" "Mozilla/5.0 (Windows NT 6.1; WOW64) AppleWebKit/537.36 (KHTML, like Gecko) Chrome/57.0.2987.98 Safari/537.36"
::1 - - [26/Mar/2017:04:16:27 +0000] "GET /view/js/lib/bootstrap.min.js HTTP/1.1" 404 1047 "-" "Mozilla/5.0 (Windows NT 6.1; WOW64) AppleWebKit/537.36 (KHTML, like Gecko) Chrome/57.0.2987.98 Safari/537.36"
::1 - - [26/Mar/2017:04:16:27 +0000] "GET /stylesheets/style.css HTTP/1.1" 404 1047 "http://localhost:3000/view/js/lib/bootstrap.min.js" "Mozilla/5.0 (Windows NT 6.1; WOW64) AppleWebKit/537.36 (KHTML, like Gecko) Chrome/57.0.2987.98 Safari/537.36"
::1 - - [26/Mar/2017:04:16:49 +0000] "GET /view/js/lib/bootstrap.min.js HTTP/1.1" 404 1047 "http://localhost:3000/view/code.html" "Mozilla/5.0 (Windows NT 6.1; WOW64) AppleWebKit/537.36 (KHTML, like Gecko) Chrome/57.0.2987.98 Safari/537.36"
::1 - - [26/Mar/2017:04:16:49 +0000] "GET /view/js/lib/jquery.prettyPhoto.js HTTP/1.1" 404 1047 "http://localhost:3000/view/code.html" "Mozilla/5.0 (Windows NT 6.1; WOW64) AppleWebKit/537.36 (KHTML, like Gecko) Chrome/57.0.2987.98 Safari/537.36"
::1 - - [26/Mar/2017:04:16:49 +0000] "GET /view/js/lib/jquery.isotope.min.js HTTP/1.1" 404 1047 "http://localhost:3000/view/code.html" "Mozilla/5.0 (Windows NT 6.1; WOW64) AppleWebKit/537.36 (KHTML, like Gecko) Chrome/57.0.2987.98 Safari/537.36"
::1 - - [26/Mar/2017:04:16:49 +0000] "GET /view/js/lib/wow.min.js HTTP/1.1" 404 1047 "http://localhost:3000/view/code.html" "Mozilla/5.0 (Windows NT 6.1; WOW64) AppleWebKit/537.36 (KHTML, like Gecko) Chrome/57.0.2987.98 Safari/537.36"
::1 - - [26/Mar/2017:04:16:49 +0000] "GET /view/js/lib/d3.js HTTP/1.1" 404 1047 "http://localhost:3000/view/code.html" "Mozilla/5.0 (Windows NT 6.1; WOW64) AppleWebKit/537.36 (KHTML, like Gecko) Chrome/57.0.2987.98 Safari/537.36"
::1 - - [26/Mar/2017:04:17:21 +0000] "GET /view/js/lib/bootstrap.min.js HTTP/1.1" 404 1047 "http://localhost:3000/view/code.html" "Mozilla/5.0 (Windows NT 6.1; WOW64) AppleWebKit/537.36 (KHTML, like Gecko) Chrome/57.0.2987.98 Safari/537.36"
::1 - - [26/Mar/2017:04:17:21 +0000] "GET /view/js/lib/jquery.prettyPhoto.js HTTP/1.1" 404 1047 "http://localhost:3000/view/code.html" "Mozilla/5.0 (Windows NT 6.1; WOW64) AppleWebKit/537.36 (KHTML, like Gecko) Chrome/57.0.2987.98 Safari/537.36"
::1 - - [26/Mar/2017:04:17:21 +0000] "GET /view/js/lib/jquery.isotope.min.js HTTP/1.1" 404 1047 "http://localhost:3000/view/code.html" "Mozilla/5.0 (Windows NT 6.1; WOW64) AppleWebKit/537.36 (KHTML, like Gecko) Chrome/57.0.2987.98 Safari/537.36"
::1 - - [26/Mar/2017:04:17:21 +0000] "GET /view/js/lib/wow.min.js HTTP/1.1" 404 1047 "http://localhost:3000/view/code.html" "Mozilla/5.0 (Windows NT 6.1; WOW64) AppleWebKit/537.36 (KHTML, like Gecko) Chrome/57.0.2987.98 Safari/537.36"
::1 - - [26/Mar/2017:04:17:21 +0000] "GET /view/js/lib/d3.js HTTP/1.1" 404 1047 "http://localhost:3000/view/code.html" "Mozilla/5.0 (Windows NT 6.1; WOW64) AppleWebKit/537.36 (KHTML, like Gecko) Chrome/57.0.2987.98 Safari/537.36"
::1 - - [26/Mar/2017:04:17:38 +0000] "GET /view/js/lib/bootstrap.min.js HTTP/1.1" 404 1047 "http://localhost:3000/view/code.html" "Mozilla/5.0 (Windows NT 6.1; WOW64) AppleWebKit/537.36 (KHTML, like Gecko) Chrome/57.0.2987.98 Safari/537.36"
::1 - - [26/Mar/2017:04:17:38 +0000] "GET /view/js/lib/jquery.prettyPhoto.js HTTP/1.1" 404 1047 "http://localhost:3000/view/code.html" "Mozilla/5.0 (Windows NT 6.1; WOW64) AppleWebKit/537.36 (KHTML, like Gecko) Chrome/57.0.2987.98 Safari/537.36"
::1 - - [26/Mar/2017:04:17:38 +0000] "GET /view/js/lib/jquery.isotope.min.js HTTP/1.1" 404 1047 "http://localhost:3000/view/code.html" "Mozilla/5.0 (Windows NT 6.1; WOW64) AppleWebKit/537.36 (KHTML, like Gecko) Chrome/57.0.2987.98 Safari/537.36"
::1 - - [26/Mar/2017:04:17:38 +0000] "GET /view/js/lib/wow.min.js HTTP/1.1" 404 1047 "http://localhost:3000/view/code.html" "Mozilla/5.0 (Windows NT 6.1; WOW64) AppleWebKit/537.36 (KHTML, like Gecko) Chrome/57.0.2987.98 Safari/537.36"
::1 - - [26/Mar/2017:04:17:38 +0000] "GET /view/js/lib/d3.js HTTP/1.1" 404 1047 "http://localhost:3000/view/code.html" "Mozilla/5.0 (Windows NT 6.1; WOW64) AppleWebKit/537.36 (KHTML, like Gecko) Chrome/57.0.2987.98 Safari/537.36"
::1 - - [26/Mar/2017:04:17:44 +0000] "GET /view/js/lib/bootstrap.min.js HTTP/1.1" 404 1047 "http://localhost:3000/view/code.html" "Mozilla/5.0 (Windows NT 6.1; WOW64) AppleWebKit/537.36 (KHTML, like Gecko) Chrome/57.0.2987.98 Safari/537.36"
::1 - - [26/Mar/2017:04:17:44 +0000] "GET /view/js/lib/jquery.prettyPhoto.js HTTP/1.1" 404 1047 "http://localhost:3000/view/code.html" "Mozilla/5.0 (Windows NT 6.1; WOW64) AppleWebKit/537.36 (KHTML, like Gecko) Chrome/57.0.2987.98 Safari/537.36"
::1 - - [26/Mar/2017:04:17:44 +0000] "GET /view/js/lib/jquery.isotope.min.js HTTP/1.1" 404 1047 "http://localhost:3000/view/code.html" "Mozilla/5.0 (Windows NT 6.1; WOW64) AppleWebKit/537.36 (KHTML, like Gecko) Chrome/57.0.2987.98 Safari/537.36"
::1 - - [26/Mar/2017:04:17:44 +0000] "GET /view/js/lib/wow.min.js HTTP/1.1" 404 1047 "http://localhost:3000/view/code.html" "Mozilla/5.0 (Windows NT 6.1; WOW64) AppleWebKit/537.36 (KHTML, like Gecko) Chrome/57.0.2987.98 Safari/537.36"
::1 - - [26/Mar/2017:04:17:44 +0000] "GET /view/js/lib/d3.js HTTP/1.1" 404 1047 "http://localhost:3000/view/code.html" "Mozilla/5.0 (Windows NT 6.1; WOW64) AppleWebKit/537.36 (KHTML, like Gecko) Chrome/57.0.2987.98 Safari/537.36"
::1 - - [26/Mar/2017:04:18:22 +0000] "GET /view/js/lib/bootstrap.min.js HTTP/1.1" 404 1047 "http://localhost:3000/view/code.html" "Mozilla/5.0 (Windows NT 6.1; WOW64) AppleWebKit/537.36 (KHTML, like Gecko) Chrome/57.0.2987.98 Safari/537.36"
::1 - - [26/Mar/2017:04:18:22 +0000] "GET /view/js/lib/jquery.prettyPhoto.js HTTP/1.1" 404 1047 "http://localhost:3000/view/code.html" "Mozilla/5.0 (Windows NT 6.1; WOW64) AppleWebKit/537.36 (KHTML, like Gecko) Chrome/57.0.2987.98 Safari/537.36"
::1 - - [26/Mar/2017:04:18:22 +0000] "GET /view/js/lib/jquery.isotope.min.js HTTP/1.1" 404 1047 "http://localhost:3000/view/code.html" "Mozilla/5.0 (Windows NT 6.1; WOW64) AppleWebKit/537.36 (KHTML, like Gecko) Chrome/57.0.2987.98 Safari/537.36"
::1 - - [26/Mar/2017:04:18:22 +0000] "GET /view/js/lib/wow.min.js HTTP/1.1" 404 1047 "http://localhost:3000/view/code.html" "Mozilla/5.0 (Windows NT 6.1; WOW64) AppleWebKit/537.36 (KHTML, like Gecko) Chrome/57.0.2987.98 Safari/537.36"
::1 - - [26/Mar/2017:04:18:23 +0000] "GET /view/js/lib/d3.js HTTP/1.1" 404 1047 "http://localhost:3000/view/code.html" "Mozilla/5.0 (Windows NT 6.1; WOW64) AppleWebKit/537.36 (KHTML, like Gecko) Chrome/57.0.2987.98 Safari/537.36"
::1 - - [26/Mar/2017:04:18:29 +0000] "GET /view/js/lib/bootstrap.min.js HTTP/1.1" 404 1047 "http://localhost:3000/view/code.html" "Mozilla/5.0 (Windows NT 6.1; WOW64) AppleWebKit/537.36 (KHTML, like Gecko) Chrome/57.0.2987.98 Safari/537.36"
::1 - - [26/Mar/2017:04:18:29 +0000] "GET /view/js/lib/jquery.prettyPhoto.js HTTP/1.1" 404 1047 "http://localhost:3000/view/code.html" "Mozilla/5.0 (Windows NT 6.1; WOW64) AppleWebKit/537.36 (KHTML, like Gecko) Chrome/57.0.2987.98 Safari/537.36"
::1 - - [26/Mar/2017:04:18:29 +0000] "GET /view/js/lib/jquery.isotope.min.js HTTP/1.1" 404 1047 "http://localhost:3000/view/code.html" "Mozilla/5.0 (Windows NT 6.1; WOW64) AppleWebKit/537.36 (KHTML, like Gecko) Chrome/57.0.2987.98 Safari/537.36"
::1 - - [26/Mar/2017:04:18:29 +0000] "GET /view/js/lib/wow.min.js HTTP/1.1" 404 1047 "http://localhost:3000/view/code.html" "Mozilla/5.0 (Windows NT 6.1; WOW64) AppleWebKit/537.36 (KHTML, like Gecko) Chrome/57.0.2987.98 Safari/537.36"
::1 - - [26/Mar/2017:04:18:29 +0000] "GET /view/js/lib/d3.js HTTP/1.1" 404 1047 "http://localhost:3000/view/code.html" "Mozilla/5.0 (Windows NT 6.1; WOW64) AppleWebKit/537.36 (KHTML, like Gecko) Chrome/57.0.2987.98 Safari/537.36"
::1 - - [26/Mar/2017:04:20:09 +0000] "GET /view/js/lib/bootstrap.min.js HTTP/1.1" 404 1047 "http://localhost:3000/view/code.html" "Mozilla/5.0 (Windows NT 6.1; WOW64) AppleWebKit/537.36 (KHTML, like Gecko) Chrome/57.0.2987.98 Safari/537.36"
::1 - - [26/Mar/2017:04:20:09 +0000] "GET /view/js/lib/jquery.prettyPhoto.js HTTP/1.1" 404 1047 "http://localhost:3000/view/code.html" "Mozilla/5.0 (Windows NT 6.1; WOW64) AppleWebKit/537.36 (KHTML, like Gecko) Chrome/57.0.2987.98 Safari/537.36"
::1 - - [26/Mar/2017:04:20:09 +0000] "GET /view/js/lib/jquery.isotope.min.js HTTP/1.1" 404 1047 "http://localhost:3000/view/code.html" "Mozilla/5.0 (Windows NT 6.1; WOW64) AppleWebKit/537.36 (KHTML, like Gecko) Chrome/57.0.2987.98 Safari/537.36"
::1 - - [26/Mar/2017:04:20:09 +0000] "GET /view/js/lib/wow.min.js HTTP/1.1" 404 1047 "http://localhost:3000/view/code.html" "Mozilla/5.0 (Windows NT 6.1; WOW64) AppleWebKit/537.36 (KHTML, like Gecko) Chrome/57.0.2987.98 Safari/537.36"
::1 - - [26/Mar/2017:04:20:09 +0000] "GET /view/js/lib/d3.js HTTP/1.1" 404 1047 "http://localhost:3000/view/code.html" "Mozilla/5.0 (Windows NT 6.1; WOW64) AppleWebKit/537.36 (KHTML, like Gecko) Chrome/57.0.2987.98 Safari/537.36"
::1 - - [26/Mar/2017:04:20:58 +0000] "GET /view/js/lib/bootstrap.min.js HTTP/1.1" 404 1047 "http://localhost:3000/view/code.html" "Mozilla/5.0 (Windows NT 6.1; WOW64) AppleWebKit/537.36 (KHTML, like Gecko) Chrome/57.0.2987.98 Safari/537.36"
::1 - - [26/Mar/2017:04:20:58 +0000] "GET /view/js/lib/jquery.prettyPhoto.js HTTP/1.1" 404 1047 "http://localhost:3000/view/code.html" "Mozilla/5.0 (Windows NT 6.1; WOW64) AppleWebKit/537.36 (KHTML, like Gecko) Chrome/57.0.2987.98 Safari/537.36"
::1 - - [26/Mar/2017:04:20:58 +0000] "GET /view/js/lib/jquery.isotope.min.js HTTP/1.1" 404 1047 "http://localhost:3000/view/code.html" "Mozilla/5.0 (Windows NT 6.1; WOW64) AppleWebKit/537.36 (KHTML, like Gecko) Chrome/57.0.2987.98 Safari/537.36"
::1 - - [26/Mar/2017:04:20:58 +0000] "GET /view/js/lib/wow.min.js HTTP/1.1" 404 1047 "http://localhost:3000/view/code.html" "Mozilla/5.0 (Windows NT 6.1; WOW64) AppleWebKit/537.36 (KHTML, like Gecko) Chrome/57.0.2987.98 Safari/537.36"
::1 - - [26/Mar/2017:04:20:58 +0000] "GET /view/js/lib/d3.js HTTP/1.1" 404 1047 "http://localhost:3000/view/code.html" "Mozilla/5.0 (Windows NT 6.1; WOW64) AppleWebKit/537.36 (KHTML, like Gecko) Chrome/57.0.2987.98 Safari/537.36"
::1 - - [26/Mar/2017:04:21:34 +0000] "GET /view/js/lib/bootstrap.min.js HTTP/1.1" 404 1047 "http://localhost:3000/view/code.html" "Mozilla/5.0 (Windows NT 6.1; WOW64) AppleWebKit/537.36 (KHTML, like Gecko) Chrome/57.0.2987.98 Safari/537.36"
::1 - - [26/Mar/2017:04:21:34 +0000] "GET /view/js/lib/jquery.prettyPhoto.js HTTP/1.1" 404 1047 "http://localhost:3000/view/code.html" "Mozilla/5.0 (Windows NT 6.1; WOW64) AppleWebKit/537.36 (KHTML, like Gecko) Chrome/57.0.2987.98 Safari/537.36"
::1 - - [26/Mar/2017:04:21:34 +0000] "GET /view/js/lib/jquery.isotope.min.js HTTP/1.1" 404 1047 "http://localhost:3000/view/code.html" "Mozilla/5.0 (Windows NT 6.1; WOW64) AppleWebKit/537.36 (KHTML, like Gecko) Chrome/57.0.2987.98 Safari/537.36"
::1 - - [26/Mar/2017:04:21:35 +0000] "GET /view/js/lib/wow.min.js HTTP/1.1" 404 1047 "http://localhost:3000/view/code.html" "Mozilla/5.0 (Windows NT 6.1; WOW64) AppleWebKit/537.36 (KHTML, like Gecko) Chrome/57.0.2987.98 Safari/537.36"
::1 - - [26/Mar/2017:04:21:35 +0000] "GET /view/js/lib/d3.js HTTP/1.1" 404 1047 "http://localhost:3000/view/code.html" "Mozilla/5.0 (Windows NT 6.1; WOW64) AppleWebKit/537.36 (KHTML, like Gecko) Chrome/57.0.2987.98 Safari/537.36"
::1 - - [26/Mar/2017:04:21:39 +0000] "GET /view/js/lib/bootstrap.min.js HTTP/1.1" 404 1047 "http://localhost:3000/view/code.html" "Mozilla/5.0 (Windows NT 6.1; WOW64) AppleWebKit/537.36 (KHTML, like Gecko) Chrome/57.0.2987.98 Safari/537.36"
::1 - - [26/Mar/2017:04:21:39 +0000] "GET /view/js/lib/jquery.prettyPhoto.js HTTP/1.1" 404 1047 "http://localhost:3000/view/code.html" "Mozilla/5.0 (Windows NT 6.1; WOW64) AppleWebKit/537.36 (KHTML, like Gecko) Chrome/57.0.2987.98 Safari/537.36"
::1 - - [26/Mar/2017:04:21:39 +0000] "GET /view/js/lib/jquery.isotope.min.js HTTP/1.1" 404 1047 "http://localhost:3000/view/code.html" "Mozilla/5.0 (Windows NT 6.1; WOW64) AppleWebKit/537.36 (KHTML, like Gecko) Chrome/57.0.2987.98 Safari/537.36"
::1 - - [26/Mar/2017:04:21:39 +0000] "GET /view/js/lib/wow.min.js HTTP/1.1" 404 1047 "http://localhost:3000/view/code.html" "Mozilla/5.0 (Windows NT 6.1; WOW64) AppleWebKit/537.36 (KHTML, like Gecko) Chrome/57.0.2987.98 Safari/537.36"
::1 - - [26/Mar/2017:04:21:39 +0000] "GET /view/js/lib/d3.js HTTP/1.1" 404 1047 "http://localhost:3000/view/code.html" "Mozilla/5.0 (Windows NT 6.1; WOW64) AppleWebKit/537.36 (KHTML, like Gecko) Chrome/57.0.2987.98 Safari/537.36"
::1 - - [26/Mar/2017:04:21:45 +0000] "GET /view/js/lib/bootstrap.min.js HTTP/1.1" 404 1047 "http://localhost:3000/view/code.html" "Mozilla/5.0 (Windows NT 6.1; WOW64) AppleWebKit/537.36 (KHTML, like Gecko) Chrome/57.0.2987.98 Safari/537.36"
::1 - - [26/Mar/2017:04:21:45 +0000] "GET /view/js/lib/jquery.prettyPhoto.js HTTP/1.1" 404 1047 "http://localhost:3000/view/code.html" "Mozilla/5.0 (Windows NT 6.1; WOW64) AppleWebKit/537.36 (KHTML, like Gecko) Chrome/57.0.2987.98 Safari/537.36"
::1 - - [26/Mar/2017:04:21:45 +0000] "GET /view/js/lib/jquery.isotope.min.js HTTP/1.1" 404 1047 "http://localhost:3000/view/code.html" "Mozilla/5.0 (Windows NT 6.1; WOW64) AppleWebKit/537.36 (KHTML, like Gecko) Chrome/57.0.2987.98 Safari/537.36"
::1 - - [26/Mar/2017:04:21:45 +0000] "GET /view/js/lib/wow.min.js HTTP/1.1" 404 1047 "http://localhost:3000/view/code.html" "Mozilla/5.0 (Windows NT 6.1; WOW64) AppleWebKit/537.36 (KHTML, like Gecko) Chrome/57.0.2987.98 Safari/537.36"
::1 - - [26/Mar/2017:04:21:45 +0000] "GET /view/js/lib/d3.js HTTP/1.1" 404 1047 "http://localhost:3000/view/code.html" "Mozilla/5.0 (Windows NT 6.1; WOW64) AppleWebKit/537.36 (KHTML, like Gecko) Chrome/57.0.2987.98 Safari/537.36"
::1 - - [26/Mar/2017:04:21:50 +0000] "GET /view/js/lib/bootstrap.min.js HTTP/1.1" 404 1047 "http://localhost:3000/view/code.html" "Mozilla/5.0 (Windows NT 6.1; WOW64) AppleWebKit/537.36 (KHTML, like Gecko) Chrome/57.0.2987.98 Safari/537.36"
::1 - - [26/Mar/2017:04:21:50 +0000] "GET /view/js/lib/jquery.prettyPhoto.js HTTP/1.1" 404 1047 "http://localhost:3000/view/code.html" "Mozilla/5.0 (Windows NT 6.1; WOW64) AppleWebKit/537.36 (KHTML, like Gecko) Chrome/57.0.2987.98 Safari/537.36"
::1 - - [26/Mar/2017:04:21:50 +0000] "GET /view/js/lib/jquery.isotope.min.js HTTP/1.1" 404 1047 "http://localhost:3000/view/code.html" "Mozilla/5.0 (Windows NT 6.1; WOW64) AppleWebKit/537.36 (KHTML, like Gecko) Chrome/57.0.2987.98 Safari/537.36"
::1 - - [26/Mar/2017:04:21:50 +0000] "GET /view/js/lib/wow.min.js HTTP/1.1" 404 1047 "http://localhost:3000/view/code.html" "Mozilla/5.0 (Windows NT 6.1; WOW64) AppleWebKit/537.36 (KHTML, like Gecko) Chrome/57.0.2987.98 Safari/537.36"
::1 - - [26/Mar/2017:04:21:50 +0000] "GET /view/js/lib/d3.js HTTP/1.1" 404 1047 "http://localhost:3000/view/code.html" "Mozilla/5.0 (Windows NT 6.1; WOW64) AppleWebKit/537.36 (KHTML, like Gecko) Chrome/57.0.2987.98 Safari/537.36"
::1 - - [26/Mar/2017:04:22:31 +0000] "GET /view/js/lib/bootstrap.min.js HTTP/1.1" 404 1047 "http://localhost:3000/view/code.html" "Mozilla/5.0 (Windows NT 6.1; WOW64) AppleWebKit/537.36 (KHTML, like Gecko) Chrome/57.0.2987.98 Safari/537.36"
::1 - - [26/Mar/2017:04:22:31 +0000] "GET /view/js/lib/jquery.prettyPhoto.js HTTP/1.1" 404 1047 "http://localhost:3000/view/code.html" "Mozilla/5.0 (Windows NT 6.1; WOW64) AppleWebKit/537.36 (KHTML, like Gecko) Chrome/57.0.2987.98 Safari/537.36"
::1 - - [26/Mar/2017:04:22:31 +0000] "GET /view/js/lib/jquery.isotope.min.js HTTP/1.1" 404 1047 "http://localhost:3000/view/code.html" "Mozilla/5.0 (Windows NT 6.1; WOW64) AppleWebKit/537.36 (KHTML, like Gecko) Chrome/57.0.2987.98 Safari/537.36"
::1 - - [26/Mar/2017:04:22:31 +0000] "GET /view/js/lib/wow.min.js HTTP/1.1" 404 1047 "http://localhost:3000/view/code.html" "Mozilla/5.0 (Windows NT 6.1; WOW64) AppleWebKit/537.36 (KHTML, like Gecko) Chrome/57.0.2987.98 Safari/537.36"
::1 - - [26/Mar/2017:04:22:31 +0000] "GET /view/js/lib/d3.js HTTP/1.1" 404 1047 "http://localhost:3000/view/code.html" "Mozilla/5.0 (Windows NT 6.1; WOW64) AppleWebKit/537.36 (KHTML, like Gecko) Chrome/57.0.2987.98 Safari/537.36"
::1 - - [26/Mar/2017:04:22:44 +0000] "GET /view/js/lib/bootstrap.min.js HTTP/1.1" 404 1047 "http://localhost:3000/view/code.html" "Mozilla/5.0 (Windows NT 6.1; WOW64) AppleWebKit/537.36 (KHTML, like Gecko) Chrome/57.0.2987.98 Safari/537.36"
::1 - - [26/Mar/2017:04:22:44 +0000] "GET /view/js/lib/jquery.prettyPhoto.js HTTP/1.1" 404 1047 "http://localhost:3000/view/code.html" "Mozilla/5.0 (Windows NT 6.1; WOW64) AppleWebKit/537.36 (KHTML, like Gecko) Chrome/57.0.2987.98 Safari/537.36"
::1 - - [26/Mar/2017:04:22:44 +0000] "GET /view/js/lib/jquery.isotope.min.js HTTP/1.1" 404 1047 "http://localhost:3000/view/code.html" "Mozilla/5.0 (Windows NT 6.1; WOW64) AppleWebKit/537.36 (KHTML, like Gecko) Chrome/57.0.2987.98 Safari/537.36"
::1 - - [26/Mar/2017:04:22:44 +0000] "GET /view/js/lib/wow.min.js HTTP/1.1" 404 1047 "http://localhost:3000/view/code.html" "Mozilla/5.0 (Windows NT 6.1; WOW64) AppleWebKit/537.36 (KHTML, like Gecko) Chrome/57.0.2987.98 Safari/537.36"
::1 - - [26/Mar/2017:04:22:44 +0000] "GET /view/js/lib/d3.js HTTP/1.1" 404 1047 "http://localhost:3000/view/code.html" "Mozilla/5.0 (Windows NT 6.1; WOW64) AppleWebKit/537.36 (KHTML, like Gecko) Chrome/57.0.2987.98 Safari/537.36"
::1 - - [26/Mar/2017:04:22:46 +0000] "GET /view/js/lib/bootstrap.min.js HTTP/1.1" 404 1047 "http://localhost:3000/view/code.html" "Mozilla/5.0 (Windows NT 6.1; WOW64) AppleWebKit/537.36 (KHTML, like Gecko) Chrome/57.0.2987.98 Safari/537.36"
::1 - - [26/Mar/2017:04:22:46 +0000] "GET /view/js/lib/jquery.prettyPhoto.js HTTP/1.1" 404 1047 "http://localhost:3000/view/code.html" "Mozilla/5.0 (Windows NT 6.1; WOW64) AppleWebKit/537.36 (KHTML, like Gecko) Chrome/57.0.2987.98 Safari/537.36"
::1 - - [26/Mar/2017:04:22:46 +0000] "GET /view/js/lib/jquery.isotope.min.js HTTP/1.1" 404 1047 "http://localhost:3000/view/code.html" "Mozilla/5.0 (Windows NT 6.1; WOW64) AppleWebKit/537.36 (KHTML, like Gecko) Chrome/57.0.2987.98 Safari/537.36"
::1 - - [26/Mar/2017:04:22:46 +0000] "GET /view/js/lib/wow.min.js HTTP/1.1" 404 1047 "http://localhost:3000/view/code.html" "Mozilla/5.0 (Windows NT 6.1; WOW64) AppleWebKit/537.36 (KHTML, like Gecko) Chrome/57.0.2987.98 Safari/537.36"
::1 - - [26/Mar/2017:04:22:47 +0000] "GET /view/js/lib/d3.js HTTP/1.1" 404 1047 "http://localhost:3000/view/code.html" "Mozilla/5.0 (Windows NT 6.1; WOW64) AppleWebKit/537.36 (KHTML, like Gecko) Chrome/57.0.2987.98 Safari/537.36"
::1 - - [26/Mar/2017:04:32:49 +0000] "GET /view/js/lib/bootstrap.min.js HTTP/1.1" 404 1047 "http://localhost:3000/view/code.html" "Mozilla/5.0 (Windows NT 6.1; WOW64) AppleWebKit/537.36 (KHTML, like Gecko) Chrome/57.0.2987.98 Safari/537.36"
::1 - - [26/Mar/2017:04:32:49 +0000] "GET /view/js/lib/jquery.prettyPhoto.js HTTP/1.1" 404 1047 "http://localhost:3000/view/code.html" "Mozilla/5.0 (Windows NT 6.1; WOW64) AppleWebKit/537.36 (KHTML, like Gecko) Chrome/57.0.2987.98 Safari/537.36"
::1 - - [26/Mar/2017:04:32:49 +0000] "GET /view/js/lib/jquery.isotope.min.js HTTP/1.1" 404 1047 "http://localhost:3000/view/code.html" "Mozilla/5.0 (Windows NT 6.1; WOW64) AppleWebKit/537.36 (KHTML, like Gecko) Chrome/57.0.2987.98 Safari/537.36"
::1 - - [26/Mar/2017:04:32:49 +0000] "GET /view/js/lib/wow.min.js HTTP/1.1" 404 1047 "http://localhost:3000/view/code.html" "Mozilla/5.0 (Windows NT 6.1; WOW64) AppleWebKit/537.36 (KHTML, like Gecko) Chrome/57.0.2987.98 Safari/537.36"
::1 - - [26/Mar/2017:04:32:49 +0000] "GET /view/js/lib/d3.js HTTP/1.1" 404 1047 "http://localhost:3000/view/code.html" "Mozilla/5.0 (Windows NT 6.1; WOW64) AppleWebKit/537.36 (KHTML, like Gecko) Chrome/57.0.2987.98 Safari/537.36"
::1 - - [26/Mar/2017:04:33:43 +0000] "GET /view/js/lib/bootstrap.min.js HTTP/1.1" 404 1047 "http://localhost:3000/view/code.html" "Mozilla/5.0 (Windows NT 6.1; WOW64) AppleWebKit/537.36 (KHTML, like Gecko) Chrome/57.0.2987.98 Safari/537.36"
::1 - - [26/Mar/2017:04:33:43 +0000] "GET /view/js/lib/jquery.prettyPhoto.js HTTP/1.1" 404 1047 "http://localhost:3000/view/code.html" "Mozilla/5.0 (Windows NT 6.1; WOW64) AppleWebKit/537.36 (KHTML, like Gecko) Chrome/57.0.2987.98 Safari/537.36"
::1 - - [26/Mar/2017:04:33:43 +0000] "GET /view/js/lib/jquery.isotope.min.js HTTP/1.1" 404 1047 "http://localhost:3000/view/code.html" "Mozilla/5.0 (Windows NT 6.1; WOW64) AppleWebKit/537.36 (KHTML, like Gecko) Chrome/57.0.2987.98 Safari/537.36"
::1 - - [26/Mar/2017:04:33:43 +0000] "GET /view/js/lib/wow.min.js HTTP/1.1" 404 1047 "http://localhost:3000/view/code.html" "Mozilla/5.0 (Windows NT 6.1; WOW64) AppleWebKit/537.36 (KHTML, like Gecko) Chrome/57.0.2987.98 Safari/537.36"
::1 - - [26/Mar/2017:04:33:43 +0000] "GET /view/js/lib/d3.js HTTP/1.1" 404 1047 "http://localhost:3000/view/code.html" "Mozilla/5.0 (Windows NT 6.1; WOW64) AppleWebKit/537.36 (KHTML, like Gecko) Chrome/57.0.2987.98 Safari/537.36"
::1 - - [26/Mar/2017:04:33:53 +0000] "GET /view/js/lib/bootstrap.min.js HTTP/1.1" 404 1047 "http://localhost:3000/view/code.html" "Mozilla/5.0 (Windows NT 6.1; WOW64) AppleWebKit/537.36 (KHTML, like Gecko) Chrome/57.0.2987.98 Safari/537.36"
::1 - - [26/Mar/2017:04:33:53 +0000] "GET /view/js/lib/jquery.prettyPhoto.js HTTP/1.1" 404 1047 "http://localhost:3000/view/code.html" "Mozilla/5.0 (Windows NT 6.1; WOW64) AppleWebKit/537.36 (KHTML, like Gecko) Chrome/57.0.2987.98 Safari/537.36"
::1 - - [26/Mar/2017:04:33:53 +0000] "GET /view/js/lib/jquery.isotope.min.js HTTP/1.1" 404 1047 "http://localhost:3000/view/code.html" "Mozilla/5.0 (Windows NT 6.1; WOW64) AppleWebKit/537.36 (KHTML, like Gecko) Chrome/57.0.2987.98 Safari/537.36"
::1 - - [26/Mar/2017:04:33:53 +0000] "GET /view/js/lib/wow.min.js HTTP/1.1" 404 1047 "http://localhost:3000/view/code.html" "Mozilla/5.0 (Windows NT 6.1; WOW64) AppleWebKit/537.36 (KHTML, like Gecko) Chrome/57.0.2987.98 Safari/537.36"
::1 - - [26/Mar/2017:04:33:53 +0000] "GET /view/js/lib/d3.js HTTP/1.1" 404 1047 "http://localhost:3000/view/code.html" "Mozilla/5.0 (Windows NT 6.1; WOW64) AppleWebKit/537.36 (KHTML, like Gecko) Chrome/57.0.2987.98 Safari/537.36"
::1 - - [26/Mar/2017:04:34:18 +0000] "GET /view/js/lib/ootstrap.min.js HTTP/1.1" 404 1047 "http://localhost:3000/view/code.html" "Mozilla/5.0 (Windows NT 6.1; WOW64) AppleWebKit/537.36 (KHTML, like Gecko) Chrome/57.0.2987.98 Safari/537.36"
::1 - - [26/Mar/2017:04:34:18 +0000] "GET /view/js/lib/jquery.prettyPhoto.js HTTP/1.1" 404 1047 "http://localhost:3000/view/code.html" "Mozilla/5.0 (Windows NT 6.1; WOW64) AppleWebKit/537.36 (KHTML, like Gecko) Chrome/57.0.2987.98 Safari/537.36"
::1 - - [26/Mar/2017:04:34:18 +0000] "GET /view/js/lib/jquery.isotope.min.js HTTP/1.1" 404 1047 "http://localhost:3000/view/code.html" "Mozilla/5.0 (Windows NT 6.1; WOW64) AppleWebKit/537.36 (KHTML, like Gecko) Chrome/57.0.2987.98 Safari/537.36"
::1 - - [26/Mar/2017:04:34:18 +0000] "GET /view/js/lib/wow.min.js HTTP/1.1" 404 1047 "http://localhost:3000/view/code.html" "Mozilla/5.0 (Windows NT 6.1; WOW64) AppleWebKit/537.36 (KHTML, like Gecko) Chrome/57.0.2987.98 Safari/537.36"
::1 - - [26/Mar/2017:04:34:18 +0000] "GET /view/js/lib/d3.js HTTP/1.1" 404 1047 "http://localhost:3000/view/code.html" "Mozilla/5.0 (Windows NT 6.1; WOW64) AppleWebKit/537.36 (KHTML, like Gecko) Chrome/57.0.2987.98 Safari/537.36"
::1 - - [26/Mar/2017:04:34:22 +0000] "GET /view/js/lib/ootstrap.min.js HTTP/1.1" 404 1047 "http://localhost:3000/view/code.html" "Mozilla/5.0 (Windows NT 6.1; WOW64) AppleWebKit/537.36 (KHTML, like Gecko) Chrome/57.0.2987.98 Safari/537.36"
::1 - - [26/Mar/2017:04:34:22 +0000] "GET /view/js/lib/jquery.prettyPhoto.js HTTP/1.1" 404 1047 "http://localhost:3000/view/code.html" "Mozilla/5.0 (Windows NT 6.1; WOW64) AppleWebKit/537.36 (KHTML, like Gecko) Chrome/57.0.2987.98 Safari/537.36"
::1 - - [26/Mar/2017:04:34:22 +0000] "GET /view/js/lib/jquery.isotope.min.js HTTP/1.1" 404 1047 "http://localhost:3000/view/code.html" "Mozilla/5.0 (Windows NT 6.1; WOW64) AppleWebKit/537.36 (KHTML, like Gecko) Chrome/57.0.2987.98 Safari/537.36"
::1 - - [26/Mar/2017:04:34:22 +0000] "GET /view/js/lib/wow.min.js HTTP/1.1" 404 1047 "http://localhost:3000/view/code.html" "Mozilla/5.0 (Windows NT 6.1; WOW64) AppleWebKit/537.36 (KHTML, like Gecko) Chrome/57.0.2987.98 Safari/537.36"
::1 - - [26/Mar/2017:04:34:22 +0000] "GET /view/js/lib/d3.js HTTP/1.1" 404 1047 "http://localhost:3000/view/code.html" "Mozilla/5.0 (Windows NT 6.1; WOW64) AppleWebKit/537.36 (KHTML, like Gecko) Chrome/57.0.2987.98 Safari/537.36"
::1 - - [26/Mar/2017:04:34:26 +0000] "GET /view/js/lib/ootstrap.min.js HTTP/1.1" 404 1047 "http://localhost:3000/view/code.html" "Mozilla/5.0 (Windows NT 6.1; WOW64) AppleWebKit/537.36 (KHTML, like Gecko) Chrome/57.0.2987.98 Safari/537.36"
::1 - - [26/Mar/2017:04:34:26 +0000] "GET /view/js/lib/jquery.prettyPhoto.js HTTP/1.1" 404 1047 "http://localhost:3000/view/code.html" "Mozilla/5.0 (Windows NT 6.1; WOW64) AppleWebKit/537.36 (KHTML, like Gecko) Chrome/57.0.2987.98 Safari/537.36"
::1 - - [26/Mar/2017:04:34:26 +0000] "GET /view/js/lib/jquery.isotope.min.js HTTP/1.1" 404 1047 "http://localhost:3000/view/code.html" "Mozilla/5.0 (Windows NT 6.1; WOW64) AppleWebKit/537.36 (KHTML, like Gecko) Chrome/57.0.2987.98 Safari/537.36"
::1 - - [26/Mar/2017:04:34:26 +0000] "GET /view/js/lib/wow.min.js HTTP/1.1" 404 1047 "http://localhost:3000/view/code.html" "Mozilla/5.0 (Windows NT 6.1; WOW64) AppleWebKit/537.36 (KHTML, like Gecko) Chrome/57.0.2987.98 Safari/537.36"
::1 - - [26/Mar/2017:04:34:26 +0000] "GET /view/js/lib/d3.js HTTP/1.1" 404 1047 "http://localhost:3000/view/code.html" "Mozilla/5.0 (Windows NT 6.1; WOW64) AppleWebKit/537.36 (KHTML, like Gecko) Chrome/57.0.2987.98 Safari/537.36"
::1 - - [26/Mar/2017:04:35:03 +0000] "GET /view/js/lib/bootstrap.min.js HTTP/1.1" 404 1047 "http://localhost:3000/view/code.html" "Mozilla/5.0 (Windows NT 6.1; WOW64) AppleWebKit/537.36 (KHTML, like Gecko) Chrome/57.0.2987.98 Safari/537.36"
::1 - - [26/Mar/2017:04:35:03 +0000] "GET /view/js/lib/jquery.prettyPhoto.js HTTP/1.1" 404 1047 "http://localhost:3000/view/code.html" "Mozilla/5.0 (Windows NT 6.1; WOW64) AppleWebKit/537.36 (KHTML, like Gecko) Chrome/57.0.2987.98 Safari/537.36"
::1 - - [26/Mar/2017:04:35:03 +0000] "GET /view/js/lib/jquery.isotope.min.js HTTP/1.1" 404 1047 "http://localhost:3000/view/code.html" "Mozilla/5.0 (Windows NT 6.1; WOW64) AppleWebKit/537.36 (KHTML, like Gecko) Chrome/57.0.2987.98 Safari/537.36"
::1 - - [26/Mar/2017:04:35:03 +0000] "GET /view/js/lib/wow.min.js HTTP/1.1" 404 1047 "http://localhost:3000/view/code.html" "Mozilla/5.0 (Windows NT 6.1; WOW64) AppleWebKit/537.36 (KHTML, like Gecko) Chrome/57.0.2987.98 Safari/537.36"
::1 - - [26/Mar/2017:04:35:03 +0000] "GET /view/js/lib/d3.js HTTP/1.1" 404 1047 "http://localhost:3000/view/code.html" "Mozilla/5.0 (Windows NT 6.1; WOW64) AppleWebKit/537.36 (KHTML, like Gecko) Chrome/57.0.2987.98 Safari/537.36"
::1 - - [26/Mar/2017:04:35:28 +0000] "GET /view/js/lib/bootstrap.min.js HTTP/1.1" 404 1047 "http://localhost:3000/view/code.html" "Mozilla/5.0 (Windows NT 6.1; WOW64) AppleWebKit/537.36 (KHTML, like Gecko) Chrome/57.0.2987.98 Safari/537.36"
::1 - - [26/Mar/2017:04:35:28 +0000] "GET /view/js/lib/jquery.prettyPhoto.js HTTP/1.1" 404 1047 "http://localhost:3000/view/code.html" "Mozilla/5.0 (Windows NT 6.1; WOW64) AppleWebKit/537.36 (KHTML, like Gecko) Chrome/57.0.2987.98 Safari/537.36"
::1 - - [26/Mar/2017:04:35:28 +0000] "GET /view/js/lib/jquery.isotope.min.js HTTP/1.1" 404 1047 "http://localhost:3000/view/code.html" "Mozilla/5.0 (Windows NT 6.1; WOW64) AppleWebKit/537.36 (KHTML, like Gecko) Chrome/57.0.2987.98 Safari/537.36"
::1 - - [26/Mar/2017:04:35:28 +0000] "GET /view/js/lib/wow.min.js HTTP/1.1" 404 1047 "http://localhost:3000/view/code.html" "Mozilla/5.0 (Windows NT 6.1; WOW64) AppleWebKit/537.36 (KHTML, like Gecko) Chrome/57.0.2987.98 Safari/537.36"
::1 - - [26/Mar/2017:04:35:28 +0000] "GET /view/js/lib/d3.js HTTP/1.1" 404 1047 "http://localhost:3000/view/code.html" "Mozilla/5.0 (Windows NT 6.1; WOW64) AppleWebKit/537.36 (KHTML, like Gecko) Chrome/57.0.2987.98 Safari/537.36"
::1 - - [26/Mar/2017:04:36:18 +0000] "GET /view/js/lib/bootstrap.min.js HTTP/1.1" 404 1047 "http://localhost:3000/view/code.html" "Mozilla/5.0 (Windows NT 6.1; WOW64) AppleWebKit/537.36 (KHTML, like Gecko) Chrome/57.0.2987.98 Safari/537.36"
::1 - - [26/Mar/2017:04:36:18 +0000] "GET /view/js/lib/jquery.prettyPhoto.js HTTP/1.1" 404 1047 "http://localhost:3000/view/code.html" "Mozilla/5.0 (Windows NT 6.1; WOW64) AppleWebKit/537.36 (KHTML, like Gecko) Chrome/57.0.2987.98 Safari/537.36"
::1 - - [26/Mar/2017:04:36:18 +0000] "GET /view/js/lib/jquery.isotope.min.js HTTP/1.1" 404 1047 "http://localhost:3000/view/code.html" "Mozilla/5.0 (Windows NT 6.1; WOW64) AppleWebKit/537.36 (KHTML, like Gecko) Chrome/57.0.2987.98 Safari/537.36"
::1 - - [26/Mar/2017:04:36:18 +0000] "GET /view/js/lib/wow.min.js HTTP/1.1" 404 1047 "http://localhost:3000/view/code.html" "Mozilla/5.0 (Windows NT 6.1; WOW64) AppleWebKit/537.36 (KHTML, like Gecko) Chrome/57.0.2987.98 Safari/537.36"
::1 - - [26/Mar/2017:04:36:18 +0000] "GET /view/js/lib/d3.js HTTP/1.1" 404 1047 "http://localhost:3000/view/code.html" "Mozilla/5.0 (Windows NT 6.1; WOW64) AppleWebKit/537.36 (KHTML, like Gecko) Chrome/57.0.2987.98 Safari/537.36"
::1 - - [26/Mar/2017:04:37:19 +0000] "GET /view/js/lib/bootstrap.min.js HTTP/1.1" 404 1047 "http://localhost:3000/view/code.html" "Mozilla/5.0 (Windows NT 6.1; WOW64) AppleWebKit/537.36 (KHTML, like Gecko) Chrome/57.0.2987.98 Safari/537.36"
::1 - - [26/Mar/2017:04:37:19 +0000] "GET /view/js/lib/jquery.prettyPhoto.js HTTP/1.1" 404 1047 "http://localhost:3000/view/code.html" "Mozilla/5.0 (Windows NT 6.1; WOW64) AppleWebKit/537.36 (KHTML, like Gecko) Chrome/57.0.2987.98 Safari/537.36"
::1 - - [26/Mar/2017:04:37:19 +0000] "GET /view/js/lib/jquery.isotope.min.js HTTP/1.1" 404 1047 "http://localhost:3000/view/code.html" "Mozilla/5.0 (Windows NT 6.1; WOW64) AppleWebKit/537.36 (KHTML, like Gecko) Chrome/57.0.2987.98 Safari/537.36"
::1 - - [26/Mar/2017:04:37:19 +0000] "GET /view/js/lib/wow.min.js HTTP/1.1" 404 1047 "http://localhost:3000/view/code.html" "Mozilla/5.0 (Windows NT 6.1; WOW64) AppleWebKit/537.36 (KHTML, like Gecko) Chrome/57.0.2987.98 Safari/537.36"
::1 - - [26/Mar/2017:04:37:19 +0000] "GET /view/js/lib/d3.js HTTP/1.1" 404 1047 "http://localhost:3000/view/code.html" "Mozilla/5.0 (Windows NT 6.1; WOW64) AppleWebKit/537.36 (KHTML, like Gecko) Chrome/57.0.2987.98 Safari/537.36"
::1 - - [26/Mar/2017:04:37:58 +0000] "GET /view/js/lib/bootstrap.min.js HTTP/1.1" 404 1047 "http://localhost:3000/view/code.html" "Mozilla/5.0 (Windows NT 6.1; WOW64) AppleWebKit/537.36 (KHTML, like Gecko) Chrome/57.0.2987.98 Safari/537.36"
::1 - - [26/Mar/2017:04:37:58 +0000] "GET /view/js/lib/query.prettyPhoto.js HTTP/1.1" 404 1047 "http://localhost:3000/view/code.html" "Mozilla/5.0 (Windows NT 6.1; WOW64) AppleWebKit/537.36 (KHTML, like Gecko) Chrome/57.0.2987.98 Safari/537.36"
::1 - - [26/Mar/2017:04:37:58 +0000] "GET /view/js/lib/jquery.isotope.min.js HTTP/1.1" 404 1047 "http://localhost:3000/view/code.html" "Mozilla/5.0 (Windows NT 6.1; WOW64) AppleWebKit/537.36 (KHTML, like Gecko) Chrome/57.0.2987.98 Safari/537.36"
::1 - - [26/Mar/2017:04:37:58 +0000] "GET /view/js/lib/wow.min.js HTTP/1.1" 404 1047 "http://localhost:3000/view/code.html" "Mozilla/5.0 (Windows NT 6.1; WOW64) AppleWebKit/537.36 (KHTML, like Gecko) Chrome/57.0.2987.98 Safari/537.36"
::1 - - [26/Mar/2017:04:37:58 +0000] "GET /view/js/lib/d3.js HTTP/1.1" 404 1047 "http://localhost:3000/view/code.html" "Mozilla/5.0 (Windows NT 6.1; WOW64) AppleWebKit/537.36 (KHTML, like Gecko) Chrome/57.0.2987.98 Safari/537.36"
::1 - - [26/Mar/2017:04:38:33 +0000] "GET /view/js/lib/bootstrap.min.js HTTP/1.1" 404 1047 "http://localhost:3000/view/code.html" "Mozilla/5.0 (Windows NT 6.1; WOW64) AppleWebKit/537.36 (KHTML, like Gecko) Chrome/57.0.2987.98 Safari/537.36"
::1 - - [26/Mar/2017:04:38:33 +0000] "GET /view/js/lib/jquery.prettyPhoto.js HTTP/1.1" 404 1047 "http://localhost:3000/view/code.html" "Mozilla/5.0 (Windows NT 6.1; WOW64) AppleWebKit/537.36 (KHTML, like Gecko) Chrome/57.0.2987.98 Safari/537.36"
::1 - - [26/Mar/2017:04:38:33 +0000] "GET /view/js/lib/jquery.isotope.min.js HTTP/1.1" 404 1047 "http://localhost:3000/view/code.html" "Mozilla/5.0 (Windows NT 6.1; WOW64) AppleWebKit/537.36 (KHTML, like Gecko) Chrome/57.0.2987.98 Safari/537.36"
::1 - - [26/Mar/2017:04:38:33 +0000] "GET /view/js/lib/wow.min.js HTTP/1.1" 404 1047 "http://localhost:3000/view/code.html" "Mozilla/5.0 (Windows NT 6.1; WOW64) AppleWebKit/537.36 (KHTML, like Gecko) Chrome/57.0.2987.98 Safari/537.36"
::1 - - [26/Mar/2017:04:38:33 +0000] "GET /view/js/lib/d3.js HTTP/1.1" 404 1047 "http://localhost:3000/view/code.html" "Mozilla/5.0 (Windows NT 6.1; WOW64) AppleWebKit/537.36 (KHTML, like Gecko) Chrome/57.0.2987.98 Safari/537.36"
::1 - - [26/Mar/2017:04:43:04 +0000] "GET /view/js/lib/bootstrap.min.js HTTP/1.1" 404 1047 "http://localhost:3000/view/code.html" "Mozilla/5.0 (Windows NT 6.1; WOW64) AppleWebKit/537.36 (KHTML, like Gecko) Chrome/57.0.2987.98 Safari/537.36"
::1 - - [26/Mar/2017:04:43:04 +0000] "GET /view/js/lib/jquery.prettyPhoto.js HTTP/1.1" 404 1047 "http://localhost:3000/view/code.html" "Mozilla/5.0 (Windows NT 6.1; WOW64) AppleWebKit/537.36 (KHTML, like Gecko) Chrome/57.0.2987.98 Safari/537.36"
::1 - - [26/Mar/2017:04:43:04 +0000] "GET /view/js/lib/jquery.isotope.min.js HTTP/1.1" 404 1047 "http://localhost:3000/view/code.html" "Mozilla/5.0 (Windows NT 6.1; WOW64) AppleWebKit/537.36 (KHTML, like Gecko) Chrome/57.0.2987.98 Safari/537.36"
::1 - - [26/Mar/2017:04:43:04 +0000] "GET /view/js/lib/wow.min.js HTTP/1.1" 404 1047 "http://localhost:3000/view/code.html" "Mozilla/5.0 (Windows NT 6.1; WOW64) AppleWebKit/537.36 (KHTML, like Gecko) Chrome/57.0.2987.98 Safari/537.36"
::1 - - [26/Mar/2017:04:43:04 +0000] "GET /view/js/lib/d3.js HTTP/1.1" 404 1047 "http://localhost:3000/view/code.html" "Mozilla/5.0 (Windows NT 6.1; WOW64) AppleWebKit/537.36 (KHTML, like Gecko) Chrome/57.0.2987.98 Safari/537.36"
::1 - - [26/Mar/2017:04:46:55 +0000] "GET /view/js/lib/bootstrap.min.js HTTP/1.1" 404 1047 "http://localhost:3000/view/code.html" "Mozilla/5.0 (Windows NT 6.1; WOW64) AppleWebKit/537.36 (KHTML, like Gecko) Chrome/57.0.2987.98 Safari/537.36"
::1 - - [26/Mar/2017:04:46:55 +0000] "GET /view/js/lib/jquery.prettyPhoto.js HTTP/1.1" 404 1047 "http://localhost:3000/view/code.html" "Mozilla/5.0 (Windows NT 6.1; WOW64) AppleWebKit/537.36 (KHTML, like Gecko) Chrome/57.0.2987.98 Safari/537.36"
::1 - - [26/Mar/2017:04:46:55 +0000] "GET /view/js/lib/jquery.isotope.min.js HTTP/1.1" 404 1047 "http://localhost:3000/view/code.html" "Mozilla/5.0 (Windows NT 6.1; WOW64) AppleWebKit/537.36 (KHTML, like Gecko) Chrome/57.0.2987.98 Safari/537.36"
::1 - - [26/Mar/2017:04:46:55 +0000] "GET /view/js/lib/wow.min.js HTTP/1.1" 404 1047 "http://localhost:3000/view/code.html" "Mozilla/5.0 (Windows NT 6.1; WOW64) AppleWebKit/537.36 (KHTML, like Gecko) Chrome/57.0.2987.98 Safari/537.36"
::1 - - [26/Mar/2017:04:46:55 +0000] "GET /view/js/lib/d3.js HTTP/1.1" 404 1047 "http://localhost:3000/view/code.html" "Mozilla/5.0 (Windows NT 6.1; WOW64) AppleWebKit/537.36 (KHTML, like Gecko) Chrome/57.0.2987.98 Safari/537.36"
::1 - - [26/Mar/2017:04:49:16 +0000] "GET /view/js/lib/bootstrap.min.js HTTP/1.1" 404 1047 "http://localhost:3000/view/code.html" "Mozilla/5.0 (Windows NT 6.1; WOW64) AppleWebKit/537.36 (KHTML, like Gecko) Chrome/57.0.2987.98 Safari/537.36"
::1 - - [26/Mar/2017:04:49:16 +0000] "GET /view/js/lib/jquery.prettyPhoto.js HTTP/1.1" 404 1047 "http://localhost:3000/view/code.html" "Mozilla/5.0 (Windows NT 6.1; WOW64) AppleWebKit/537.36 (KHTML, like Gecko) Chrome/57.0.2987.98 Safari/537.36"
::1 - - [26/Mar/2017:04:49:16 +0000] "GET /view/js/lib/jquery.isotope.min.js HTTP/1.1" 404 1047 "http://localhost:3000/view/code.html" "Mozilla/5.0 (Windows NT 6.1; WOW64) AppleWebKit/537.36 (KHTML, like Gecko) Chrome/57.0.2987.98 Safari/537.36"
::1 - - [26/Mar/2017:04:49:16 +0000] "GET /view/js/lib/wow.min.js HTTP/1.1" 404 1047 "http://localhost:3000/view/code.html" "Mozilla/5.0 (Windows NT 6.1; WOW64) AppleWebKit/537.36 (KHTML, like Gecko) Chrome/57.0.2987.98 Safari/537.36"
::1 - - [26/Mar/2017:04:49:16 +0000] "GET /view/js/lib/d3.js HTTP/1.1" 404 1047 "http://localhost:3000/view/code.html" "Mozilla/5.0 (Windows NT 6.1; WOW64) AppleWebKit/537.36 (KHTML, like Gecko) Chrome/57.0.2987.98 Safari/537.36"
::1 - - [26/Mar/2017:04:49:25 +0000] "GET /view/js/lib/bootstrap.min.js HTTP/1.1" 404 1047 "http://localhost:3000/view/code.html" "Mozilla/5.0 (Windows NT 6.1; WOW64) AppleWebKit/537.36 (KHTML, like Gecko) Chrome/57.0.2987.98 Safari/537.36"
::1 - - [26/Mar/2017:04:49:25 +0000] "GET /view/js/lib/jquery.prettyPhoto.js HTTP/1.1" 404 1047 "http://localhost:3000/view/code.html" "Mozilla/5.0 (Windows NT 6.1; WOW64) AppleWebKit/537.36 (KHTML, like Gecko) Chrome/57.0.2987.98 Safari/537.36"
::1 - - [26/Mar/2017:04:49:25 +0000] "GET /view/js/lib/jquery.isotope.min.js HTTP/1.1" 404 1047 "http://localhost:3000/view/code.html" "Mozilla/5.0 (Windows NT 6.1; WOW64) AppleWebKit/537.36 (KHTML, like Gecko) Chrome/57.0.2987.98 Safari/537.36"
::1 - - [26/Mar/2017:04:49:25 +0000] "GET /view/js/lib/wow.min.js HTTP/1.1" 404 1047 "http://localhost:3000/view/code.html" "Mozilla/5.0 (Windows NT 6.1; WOW64) AppleWebKit/537.36 (KHTML, like Gecko) Chrome/57.0.2987.98 Safari/537.36"
::1 - - [26/Mar/2017:04:49:25 +0000] "GET /view/js/lib/d3.js HTTP/1.1" 404 1047 "http://localhost:3000/view/code.html" "Mozilla/5.0 (Windows NT 6.1; WOW64) AppleWebKit/537.36 (KHTML, like Gecko) Chrome/57.0.2987.98 Safari/537.36"
::1 - - [26/Mar/2017:04:49:51 +0000] "GET /view/js/lib/bootstrap.min.js HTTP/1.1" 404 1047 "http://localhost:3000/view/code.html" "Mozilla/5.0 (Windows NT 6.1; WOW64) AppleWebKit/537.36 (KHTML, like Gecko) Chrome/57.0.2987.98 Safari/537.36"
::1 - - [26/Mar/2017:04:49:51 +0000] "GET /view/js/lib/jquery.prettyPhoto.js HTTP/1.1" 404 1047 "http://localhost:3000/view/code.html" "Mozilla/5.0 (Windows NT 6.1; WOW64) AppleWebKit/537.36 (KHTML, like Gecko) Chrome/57.0.2987.98 Safari/537.36"
::1 - - [26/Mar/2017:04:49:51 +0000] "GET /view/js/lib/jquery.isotope.min.js HTTP/1.1" 404 1047 "http://localhost:3000/view/code.html" "Mozilla/5.0 (Windows NT 6.1; WOW64) AppleWebKit/537.36 (KHTML, like Gecko) Chrome/57.0.2987.98 Safari/537.36"
::1 - - [26/Mar/2017:04:49:51 +0000] "GET /view/js/lib/wow.min.js HTTP/1.1" 404 1047 "http://localhost:3000/view/code.html" "Mozilla/5.0 (Windows NT 6.1; WOW64) AppleWebKit/537.36 (KHTML, like Gecko) Chrome/57.0.2987.98 Safari/537.36"
::1 - - [26/Mar/2017:04:49:51 +0000] "GET /view/js/lib/d3.js HTTP/1.1" 404 1047 "http://localhost:3000/view/code.html" "Mozilla/5.0 (Windows NT 6.1; WOW64) AppleWebKit/537.36 (KHTML, like Gecko) Chrome/57.0.2987.98 Safari/537.36"
::1 - - [26/Mar/2017:05:02:43 +0000] "GET /view/code.html HTTP/1.1" 404 1047 "http://localhost:3000/index.html" "Mozilla/5.0 (Windows NT 6.1; WOW64) AppleWebKit/537.36 (KHTML, like Gecko) Chrome/57.0.2987.98 Safari/537.36"
::1 - - [26/Mar/2017:05:02:43 +0000] "GET /stylesheets/style.css HTTP/1.1" 404 1047 "http://localhost:3000/view/code.html" "Mozilla/5.0 (Windows NT 6.1; WOW64) AppleWebKit/537.36 (KHTML, like Gecko) Chrome/57.0.2987.98 Safari/537.36"
::1 - - [26/Mar/2017:05:06:53 +0000] "GET /images/jzt/webgl.jpg HTTP/1.1" 404 1047 "http://localhost:3000/" "Mozilla/5.0 (Windows NT 6.1; WOW64) AppleWebKit/537.36 (KHTML, like Gecko) Chrome/57.0.2987.98 Safari/537.36"
::1 - - [26/Mar/2017:05:09:31 +0000] "GET /js/lib/javascript.js.js HTTP/1.1" 404 1047 "http://localhost:3000/code.html" "Mozilla/5.0 (Windows NT 6.1; WOW64) AppleWebKit/537.36 (KHTML, like Gecko) Chrome/57.0.2987.98 Safari/537.36"
::1 - - [26/Mar/2017:05:09:31 +0000] "GET /js/lib/clike.js.js HTTP/1.1" 404 1047 "http://localhost:3000/code.html" "Mozilla/5.0 (Windows NT 6.1; WOW64) AppleWebKit/537.36 (KHTML, like Gecko) Chrome/57.0.2987.98 Safari/537.36"
::1 - - [26/Mar/2017:05:09:34 +0000] "GET /js/lib/javascript.js.js HTTP/1.1" 404 1047 "http://localhost:3000/code.html" "Mozilla/5.0 (Windows NT 6.1; WOW64) AppleWebKit/537.36 (KHTML, like Gecko) Chrome/57.0.2987.98 Safari/537.36"
::1 - - [26/Mar/2017:05:09:34 +0000] "GET /js/lib/clike.js.js HTTP/1.1" 404 1047 "http://localhost:3000/code.html" "Mozilla/5.0 (Windows NT 6.1; WOW64) AppleWebKit/537.36 (KHTML, like Gecko) Chrome/57.0.2987.98 Safari/537.36"
::1 - - [26/Mar/2017:05:09:46 +0000] "GET /js/lib/javascript.js.js HTTP/1.1" 404 1047 "-" "Mozilla/5.0 (Windows NT 6.1; WOW64) AppleWebKit/537.36 (KHTML, like Gecko) Chrome/57.0.2987.98 Safari/537.36"
::1 - - [26/Mar/2017:05:09:46 +0000] "GET /stylesheets/style.css HTTP/1.1" 404 1047 "http://localhost:3000/js/lib/javascript.js.js" "Mozilla/5.0 (Windows NT 6.1; WOW64) AppleWebKit/537.36 (KHTML, like Gecko) Chrome/57.0.2987.98 Safari/537.36"
::1 - - [26/Mar/2017:05:09:46 +0000] "GET /favicon.ico HTTP/1.1" 404 1047 "http://localhost:3000/js/lib/javascript.js.js" "Mozilla/5.0 (Windows NT 6.1; WOW64) AppleWebKit/537.36 (KHTML, like Gecko) Chrome/57.0.2987.98 Safari/537.36"
::1 - - [26/Mar/2017:05:10:05 +0000] "GET /js/lib/javascript.js.js HTTP/1.1" 404 1047 "-" "Mozilla/5.0 (Windows NT 6.1; WOW64) AppleWebKit/537.36 (KHTML, like Gecko) Chrome/57.0.2987.98 Safari/537.36"
::1 - - [26/Mar/2017:05:10:05 +0000] "GET /stylesheets/style.css HTTP/1.1" 404 1047 "http://localhost:3000/js/lib/javascript.js.js" "Mozilla/5.0 (Windows NT 6.1; WOW64) AppleWebKit/537.36 (KHTML, like Gecko) Chrome/57.0.2987.98 Safari/537.36"
::1 - - [26/Mar/2017:05:10:09 +0000] "GET /lib/codemirror.js HTTP/1.1" 404 1047 "http://localhost:3000/code.html" "Mozilla/5.0 (Windows NT 6.1; WOW64) AppleWebKit/537.36 (KHTML, like Gecko) Chrome/57.0.2987.98 Safari/537.36"
::1 - - [26/Mar/2017:05:12:06 +0000] "GET /lib/codemirror.js HTTP/1.1" 404 1047 "http://localhost:3000/code.html" "Mozilla/5.0 (Windows NT 6.1; WOW64) AppleWebKit/537.36 (KHTML, like Gecko) Chrome/57.0.2987.98 Safari/537.36"
::1 - - [26/Mar/2017:05:13:30 +0000] "GET /lib/codemirror.js HTTP/1.1" 404 1047 "http://localhost:3000/code.html" "Mozilla/5.0 (Windows NT 6.1; WOW64) AppleWebKit/537.36 (KHTML, like Gecko) Chrome/57.0.2987.98 Safari/537.36"
::1 - - [26/Mar/2017:05:14:43 +0000] "GET /lib/codemirror.js HTTP/1.1" 404 1047 "http://localhost:3000/code.html" "Mozilla/5.0 (Windows NT 6.1; WOW64) AppleWebKit/537.36 (KHTML, like Gecko) Chrome/57.0.2987.98 Safari/537.36"
::1 - - [26/Mar/2017:05:15:00 +0000] "GET /lib/codemirror.js HTTP/1.1" 404 1047 "http://localhost:3000/code.html" "Mozilla/5.0 (Windows NT 6.1; WOW64) AppleWebKit/537.36 (KHTML, like Gecko) Chrome/57.0.2987.98 Safari/537.36"
::1 - - [26/Mar/2017:05:17:04 +0000] "GET /lib/codemirror.js HTTP/1.1" 404 1047 "http://localhost:3000/code.html" "Mozilla/5.0 (Windows NT 6.1; WOW64) AppleWebKit/537.36 (KHTML, like Gecko) Chrome/57.0.2987.98 Safari/537.36"
::1 - - [26/Mar/2017:05:17:33 +0000] "GET /lib/codemirror.js HTTP/1.1" 404 1047 "http://localhost:3000/code.html" "Mozilla/5.0 (Windows NT 6.1; WOW64) AppleWebKit/537.36 (KHTML, like Gecko) Chrome/57.0.2987.98 Safari/537.36"
::1 - - [26/Mar/2017:05:19:25 +0000] "GET /images/search_icon.png HTTP/1.1" 404 1047 "http://localhost:3000/css/main.css" "Mozilla/5.0 (Windows NT 6.1; WOW64) AppleWebKit/537.36 (KHTML, like Gecko) Chrome/57.0.2987.98 Safari/537.36"
::1 - - [26/Mar/2017:05:21:05 +0000] "GET /images/jzt/webgl.jpg HTTP/1.1" 404 1047 "http://localhost:3000/index.html" "Mozilla/5.0 (Windows NT 6.1; WOW64) AppleWebKit/537.36 (KHTML, like Gecko) Chrome/57.0.2987.98 Safari/537.36"
::1 - - [26/Mar/2017:05:28:02 +0000] "GET /images/jzt/webgl.jpg HTTP/1.1" 404 1047 "http://localhost:3000/index.html" "Mozilla/5.0 (Windows NT 6.1; WOW64) AppleWebKit/537.36 (KHTML, like Gecko) Chrome/57.0.2987.98 Safari/537.36"
::1 - - [26/Mar/2017:05:28:07 +0000] "GET /images/jzt/webgl.jpg HTTP/1.1" 404 1047 "http://localhost:3000/index.html" "Mozilla/5.0 (Windows NT 6.1; WOW64) AppleWebKit/537.36 (KHTML, like Gecko) Chrome/57.0.2987.98 Safari/537.36"
::1 - - [26/Mar/2017:05:28:14 +0000] "GET /images/jzt/webgl.jpg HTTP/1.1" 404 1047 "http://localhost:3000/index.html" "Mozilla/5.0 (Windows NT 6.1; WOW64) AppleWebKit/537.36 (KHTML, like Gecko) Chrome/57.0.2987.98 Safari/537.36"
::1 - - [26/Mar/2017:06:29:35 +0000] "GET /images/jzt/webgl.jpg HTTP/1.1" 404 1047 "http://localhost:3000/index.html" "Mozilla/5.0 (Windows NT 6.1; WOW64) AppleWebKit/537.36 (KHTML, like Gecko) Chrome/57.0.2987.98 Safari/537.36"
::1 - - [26/Mar/2017:06:30:37 +0000] "GET /view/css/bootstrap.min.css HTTP/1.1" 404 1047 "http://localhost:3000/view/manage.html" "Mozilla/5.0 (Windows NT 6.1; WOW64) AppleWebKit/537.36 (KHTML, like Gecko) Chrome/57.0.2987.98 Safari/537.36"
::1 - - [26/Mar/2017:06:30:37 +0000] "GET /view/css/font-awesome.min.css HTTP/1.1" 404 1047 "http://localhost:3000/view/manage.html" "Mozilla/5.0 (Windows NT 6.1; WOW64) AppleWebKit/537.36 (KHTML, like Gecko) Chrome/57.0.2987.98 Safari/537.36"
::1 - - [26/Mar/2017:06:30:37 +0000] "GET /view/css/main.css HTTP/1.1" 404 1047 "http://localhost:3000/view/manage.html" "Mozilla/5.0 (Windows NT 6.1; WOW64) AppleWebKit/537.36 (KHTML, like Gecko) Chrome/57.0.2987.98 Safari/537.36"
::1 - - [26/Mar/2017:06:30:37 +0000] "GET /view/css/responsive.css HTTP/1.1" 404 1047 "http://localhost:3000/view/manage.html" "Mozilla/5.0 (Windows NT 6.1; WOW64) AppleWebKit/537.36 (KHTML, like Gecko) Chrome/57.0.2987.98 Safari/537.36"
::1 - - [26/Mar/2017:06:30:37 +0000] "GET /view/js/lib/jquery.js HTTP/1.1" 404 1047 "http://localhost:3000/view/manage.html" "Mozilla/5.0 (Windows NT 6.1; WOW64) AppleWebKit/537.36 (KHTML, like Gecko) Chrome/57.0.2987.98 Safari/537.36"
::1 - - [26/Mar/2017:06:30:37 +0000] "GET /view/tree.html HTTP/1.1" 404 1047 "http://localhost:3000/view/manage.html" "Mozilla/5.0 (Windows NT 6.1; WOW64) AppleWebKit/537.36 (KHTML, like Gecko) Chrome/57.0.2987.98 Safari/537.36"
::1 - - [26/Mar/2017:06:30:37 +0000] "GET /view/js/lib/bootstrap.min.js HTTP/1.1" 404 1047 "http://localhost:3000/view/manage.html" "Mozilla/5.0 (Windows NT 6.1; WOW64) AppleWebKit/537.36 (KHTML, like Gecko) Chrome/57.0.2987.98 Safari/537.36"
::1 - - [26/Mar/2017:06:30:37 +0000] "GET /view/images/jzt/wzt.png HTTP/1.1" 404 1047 "http://localhost:3000/view/manage.html" "Mozilla/5.0 (Windows NT 6.1; WOW64) AppleWebKit/537.36 (KHTML, like Gecko) Chrome/57.0.2987.98 Safari/537.36"
::1 - - [26/Mar/2017:06:30:37 +0000] "GET /stylesheets/style.css HTTP/1.1" 404 1047 "http://localhost:3000/view/tree.html" "Mozilla/5.0 (Windows NT 6.1; WOW64) AppleWebKit/537.36 (KHTML, like Gecko) Chrome/57.0.2987.98 Safari/537.36"
::1 - - [26/Mar/2017:06:30:38 +0000] "GET /view/images/ico/favicon.ico HTTP/1.1" 404 1047 "http://localhost:3000/view/manage.html" "Mozilla/5.0 (Windows NT 6.1; WOW64) AppleWebKit/537.36 (KHTML, like Gecko) Chrome/57.0.2987.98 Safari/537.36"
::1 - - [26/Mar/2017:06:31:37 +0000] "GET /images/jzt/webgl.jpg HTTP/1.1" 404 1047 "http://localhost:3000/index.html" "Mozilla/5.0 (Windows NT 6.1; WOW64) AppleWebKit/537.36 (KHTML, like Gecko) Chrome/57.0.2987.98 Safari/537.36"
::1 - - [26/Mar/2017:06:33:37 +0000] "GET /images/jzt/webgl.jpg HTTP/1.1" 404 1047 "http://localhost:3000/index.html" "Mozilla/5.0 (Windows NT 6.1; WOW64) AppleWebKit/537.36 (KHTML, like Gecko) Chrome/57.0.2987.98 Safari/537.36"
::1 - - [26/Mar/2017:06:33:41 +0000] "GET /view/js/lib/jquery.js HTTP/1.1" 404 1047 "http://localhost:3000/view/manage.html" "Mozilla/5.0 (Windows NT 6.1; WOW64) AppleWebKit/537.36 (KHTML, like Gecko) Chrome/57.0.2987.98 Safari/537.36"
::1 - - [26/Mar/2017:06:33:41 +0000] "GET /view/js/lib/bootstrap.min.js HTTP/1.1" 404 1047 "http://localhost:3000/view/manage.html" "Mozilla/5.0 (Windows NT 6.1; WOW64) AppleWebKit/537.36 (KHTML, like Gecko) Chrome/57.0.2987.98 Safari/537.36"
::1 - - [26/Mar/2017:06:33:41 +0000] "GET /view/images/jzt/wzt.png HTTP/1.1" 404 1047 "http://localhost:3000/view/manage.html" "Mozilla/5.0 (Windows NT 6.1; WOW64) AppleWebKit/537.36 (KHTML, like Gecko) Chrome/57.0.2987.98 Safari/537.36"
::1 - - [26/Mar/2017:06:34:00 +0000] "GET /view/js/lib/jquery.js HTTP/1.1" 404 1047 "http://localhost:3000/view/manage.html" "Mozilla/5.0 (Windows NT 6.1; WOW64) AppleWebKit/537.36 (KHTML, like Gecko) Chrome/57.0.2987.98 Safari/537.36"
::1 - - [26/Mar/2017:06:34:00 +0000] "GET /view/js/lib/bootstrap.min.js HTTP/1.1" 404 1047 "http://localhost:3000/view/manage.html" "Mozilla/5.0 (Windows NT 6.1; WOW64) AppleWebKit/537.36 (KHTML, like Gecko) Chrome/57.0.2987.98 Safari/537.36"
::1 - - [26/Mar/2017:06:34:00 +0000] "GET /view/js/lib/jquery.js HTTP/1.1" 404 1047 "http://localhost:3000/view/manage.html" "Mozilla/5.0 (Windows NT 6.1; WOW64) AppleWebKit/537.36 (KHTML, like Gecko) Chrome/57.0.2987.98 Safari/537.36"
::1 - - [26/Mar/2017:06:34:00 +0000] "GET /view/js/lib/bootstrap.min.js HTTP/1.1" 404 1047 "http://localhost:3000/view/manage.html" "Mozilla/5.0 (Windows NT 6.1; WOW64) AppleWebKit/537.36 (KHTML, like Gecko) Chrome/57.0.2987.98 Safari/537.36"
::1 - - [26/Mar/2017:07:33:29 +0000] "GET /view/js/lib/jquery.js HTTP/1.1" 404 1047 "http://localhost:3000/view/manage.html" "Mozilla/5.0 (Windows NT 6.1; WOW64) AppleWebKit/537.36 (KHTML, like Gecko) Chrome/57.0.2987.98 Safari/537.36"
::1 - - [26/Mar/2017:07:33:29 +0000] "GET /view/js/lib/bootstrap.min.js HTTP/1.1" 404 1047 "http://localhost:3000/view/manage.html" "Mozilla/5.0 (Windows NT 6.1; WOW64) AppleWebKit/537.36 (KHTML, like Gecko) Chrome/57.0.2987.98 Safari/537.36"
::1 - - [26/Mar/2017:07:33:29 +0000] "GET /view/js/lib/jquery.js HTTP/1.1" 404 1047 "http://localhost:3000/view/manage.html" "Mozilla/5.0 (Windows NT 6.1; WOW64) AppleWebKit/537.36 (KHTML, like Gecko) Chrome/57.0.2987.98 Safari/537.36"
::1 - - [26/Mar/2017:07:33:29 +0000] "GET /view/js/lib/bootstrap.min.js HTTP/1.1" 404 1047 "http://localhost:3000/view/manage.html" "Mozilla/5.0 (Windows NT 6.1; WOW64) AppleWebKit/537.36 (KHTML, like Gecko) Chrome/57.0.2987.98 Safari/537.36"
::1 - - [26/Mar/2017:07:33:59 +0000] "GET /view/js/lib/jquery.js HTTP/1.1" 404 1047 "http://localhost:3000/view/manage.html" "Mozilla/5.0 (Windows NT 6.1; WOW64) AppleWebKit/537.36 (KHTML, like Gecko) Chrome/57.0.2987.98 Safari/537.36"
::1 - - [26/Mar/2017:07:33:59 +0000] "GET /view/js/lib/bootstrap.min.js HTTP/1.1" 404 1047 "http://localhost:3000/view/manage.html" "Mozilla/5.0 (Windows NT 6.1; WOW64) AppleWebKit/537.36 (KHTML, like Gecko) Chrome/57.0.2987.98 Safari/537.36"
::1 - - [26/Mar/2017:07:33:59 +0000] "GET /view/js/lib/jquery.js HTTP/1.1" 404 1047 "http://localhost:3000/view/manage.html" "Mozilla/5.0 (Windows NT 6.1; WOW64) AppleWebKit/537.36 (KHTML, like Gecko) Chrome/57.0.2987.98 Safari/537.36"
::1 - - [26/Mar/2017:07:33:59 +0000] "GET /view/js/lib/bootstrap.min.js HTTP/1.1" 404 1047 "http://localhost:3000/view/manage.html" "Mozilla/5.0 (Windows NT 6.1; WOW64) AppleWebKit/537.36 (KHTML, like Gecko) Chrome/57.0.2987.98 Safari/537.36"
::ffff:127.0.0.1 - - [26/Mar/2017:07:47:41 +0000] "GET /images/jzt/webgl.jpg HTTP/1.1" 404 1047 "http://127.0.0.1:3000/" "Mozilla/5.0 (Windows NT 6.1; WOW64) AppleWebKit/537.36 (KHTML, like Gecko) Chrome/57.0.2987.98 Safari/537.36"
::ffff:127.0.0.1 - - [26/Mar/2017:07:48:03 +0000] "GET /favicon.ico HTTP/1.1" 404 1047 "http://127.0.0.1:3000/view/table.html" "Mozilla/5.0 (Windows NT 6.1; WOW64) AppleWebKit/537.36 (KHTML, like Gecko) Chrome/57.0.2987.98 Safari/537.36"
::ffff:127.0.0.1 - - [26/Mar/2017:07:53:26 +0000] "GET /images/jzt/webgl.jpg HTTP/1.1" 404 1047 "http://127.0.0.1:3000/" "Mozilla/5.0 (Windows NT 6.1; WOW64) AppleWebKit/537.36 (KHTML, like Gecko) Chrome/57.0.2987.98 Safari/537.36"
::ffff:127.0.0.1 - - [26/Mar/2017:09:30:53 +0000] "GET /images/jzt/webgl.jpg HTTP/1.1" 404 1047 "http://localhost:3001/" "Mozilla/5.0 (Windows NT 6.1; WOW64) AppleWebKit/537.36 (KHTML, like Gecko) Chrome/57.0.2987.98 Safari/537.36"
::1 - - [26/Mar/2017:15:44:34 +0000] "GET /images/jzt/webgl.jpg HTTP/1.1" 404 1047 "http://localhost:3000/" "Mozilla/5.0 (Windows NT 6.1; WOW64) AppleWebKit/537.36 (KHTML, like Gecko) Chrome/57.0.2987.98 Safari/537.36"
